DEBUG:urllib3.connectionpool:Starting new HTTPS connection (1): translate.google.com:443
DEBUG:urllib3.connectionpool:https://translate.google.com:443 "GET /m?hl=en&sl=auto&q=It+should+work HTTP/1.1" 200 None
DEBUG:urllib3.connectionpool:Starting new HTTPS connection (1): translate.google.com:443
DEBUG:urllib3.connectionpool:https://translate.google.com:443 "GET /m?sl=auto&q=It+should+work&tl=en HTTP/1.1" 200 None
DEBUG:urllib3.connectionpool:Starting new HTTPS connection (1): iam.cloud.ibm.com:443
DEBUG:urllib3.connectionpool:https://iam.cloud.ibm.com:443 "POST /identity/token HTTP/1.1" 200 1100
DEBUG:urllib3.connectionpool:Starting new HTTPS connection (1): api.eu-gb.tone-analyzer.watson.cloud.ibm.com:443
DEBUG:urllib3.connectionpool:https://api.eu-gb.tone-analyzer.watson.cloud.ibm.com:443 "POST /instances/094eb0dc-d562-4a31-b130-1076bb4493bd/v3/tone?version=2017-09-21 HTTP/1.1" 200 30
ERROR:root:Emotion wasn't found for text: It should work.  Original error: list index out of range
DEBUG:urllib3.connectionpool:Starting new HTTPS connection (1): translate.google.com:443
DEBUG:urllib3.connectionpool:https://translate.google.com:443 "GET /m?hl=en&sl=auto&q=I+love+my+dog HTTP/1.1" 200 None
DEBUG:urllib3.connectionpool:Starting new HTTPS connection (1): translate.google.com:443
DEBUG:urllib3.connectionpool:https://translate.google.com:443 "GET /m?sl=auto&q=I+love+my+dog&tl=en HTTP/1.1" 200 None
DEBUG:urllib3.connectionpool:Starting new HTTPS connection (1): iam.cloud.ibm.com:443
DEBUG:urllib3.connectionpool:https://iam.cloud.ibm.com:443 "POST /identity/token HTTP/1.1" 200 1096
DEBUG:urllib3.connectionpool:Starting new HTTPS connection (1): api.eu-gb.tone-analyzer.watson.cloud.ibm.com:443
DEBUG:urllib3.connectionpool:https://api.eu-gb.tone-analyzer.watson.cloud.ibm.com:443 "POST /instances/094eb0dc-d562-4a31-b130-1076bb4493bd/v3/tone?version=2017-09-21 HTTP/1.1" 200 81
DEBUG:urllib3.connectionpool:Starting new HTTPS connection (1): translate.google.com:443
DEBUG:urllib3.connectionpool:https://translate.google.com:443 "GET /m?hl=en&sl=auto&q=I+love+my+dog HTTP/1.1" 200 None
DEBUG:urllib3.connectionpool:Starting new HTTPS connection (1): translate.google.com:443
DEBUG:urllib3.connectionpool:https://translate.google.com:443 "GET /m?sl=auto&q=I+love+my+dog&tl=en HTTP/1.1" 200 None
DEBUG:urllib3.connectionpool:Starting new HTTPS connection (1): iam.cloud.ibm.com:443
DEBUG:urllib3.connectionpool:https://iam.cloud.ibm.com:443 "POST /identity/token HTTP/1.1" 200 1102
DEBUG:urllib3.connectionpool:Starting new HTTPS connection (1): api.eu-gb.tone-analyzer.watson.cloud.ibm.com:443
DEBUG:urllib3.connectionpool:https://api.eu-gb.tone-analyzer.watson.cloud.ibm.com:443 "POST /instances/094eb0dc-d562-4a31-b130-1076bb4493bd/v3/tone?version=2017-09-21 HTTP/1.1" 200 81
DEBUG:urllib3.connectionpool:Starting new HTTPS connection (1): translate.google.com:443
DEBUG:urllib3.connectionpool:https://translate.google.com:443 "GET /m?hl=en&sl=auto&q=I+love+my+dog HTTP/1.1" 200 None
DEBUG:urllib3.connectionpool:Starting new HTTPS connection (1): translate.google.com:443
DEBUG:urllib3.connectionpool:https://translate.google.com:443 "GET /m?sl=auto&q=I+love+my+dog&tl=en HTTP/1.1" 200 None
DEBUG:urllib3.connectionpool:Starting new HTTPS connection (1): iam.cloud.ibm.com:443
DEBUG:urllib3.connectionpool:https://iam.cloud.ibm.com:443 "POST /identity/token HTTP/1.1" 200 1099
DEBUG:urllib3.connectionpool:Starting new HTTPS connection (1): api.eu-gb.tone-analyzer.watson.cloud.ibm.com:443
DEBUG:urllib3.connectionpool:https://api.eu-gb.tone-analyzer.watson.cloud.ibm.com:443 "POST /instances/094eb0dc-d562-4a31-b130-1076bb4493bd/v3/tone?version=2017-09-21 HTTP/1.1" 200 81
DEBUG:urllib3.connectionpool:Starting new HTTPS connection (1): translate.google.com:443
DEBUG:urllib3.connectionpool:https://translate.google.com:443 "GET /m?hl=en&sl=auto&q=I+love+my+dog HTTP/1.1" 200 None
DEBUG:urllib3.connectionpool:Starting new HTTPS connection (1): translate.google.com:443
DEBUG:urllib3.connectionpool:https://translate.google.com:443 "GET /m?sl=auto&q=I+love+my+dog&tl=en HTTP/1.1" 200 None
DEBUG:urllib3.connectionpool:Starting new HTTPS connection (1): iam.cloud.ibm.com:443
DEBUG:urllib3.connectionpool:https://iam.cloud.ibm.com:443 "POST /identity/token HTTP/1.1" 200 1098
DEBUG:urllib3.connectionpool:Starting new HTTPS connection (1): api.eu-gb.tone-analyzer.watson.cloud.ibm.com:443
DEBUG:urllib3.connectionpool:https://api.eu-gb.tone-analyzer.watson.cloud.ibm.com:443 "POST /instances/094eb0dc-d562-4a31-b130-1076bb4493bd/v3/tone?version=2017-09-21 HTTP/1.1" 200 81
DEBUG:urllib3.connectionpool:Starting new HTTPS connection (1): translate.google.com:443
DEBUG:urllib3.connectionpool:https://translate.google.com:443 "GET /m?hl=en&sl=auto&q=My+dog+is+good HTTP/1.1" 200 None
DEBUG:urllib3.connectionpool:Starting new HTTPS connection (1): translate.google.com:443
DEBUG:urllib3.connectionpool:https://translate.google.com:443 "GET /m?sl=auto&q=My+dog+is+good&tl=en HTTP/1.1" 200 None
DEBUG:urllib3.connectionpool:Starting new HTTPS connection (1): iam.cloud.ibm.com:443
DEBUG:urllib3.connectionpool:https://iam.cloud.ibm.com:443 "POST /identity/token HTTP/1.1" 200 1099
DEBUG:urllib3.connectionpool:Starting new HTTPS connection (1): api.eu-gb.tone-analyzer.watson.cloud.ibm.com:443
DEBUG:urllib3.connectionpool:https://api.eu-gb.tone-analyzer.watson.cloud.ibm.com:443 "POST /instances/094eb0dc-d562-4a31-b130-1076bb4493bd/v3/tone?version=2017-09-21 HTTP/1.1" 200 82
DEBUG:urllib3.connectionpool:Starting new HTTPS connection (1): translate.google.com:443
DEBUG:urllib3.connectionpool:https://translate.google.com:443 "GET /m?hl=en&sl=auto&q=I+hope+it+works HTTP/1.1" 200 None
DEBUG:urllib3.connectionpool:Starting new HTTPS connection (1): translate.google.com:443
DEBUG:urllib3.connectionpool:https://translate.google.com:443 "GET /m?sl=auto&q=I+hope+it+works&tl=en HTTP/1.1" 200 None
DEBUG:urllib3.connectionpool:Starting new HTTPS connection (1): iam.cloud.ibm.com:443
DEBUG:urllib3.connectionpool:https://iam.cloud.ibm.com:443 "POST /identity/token HTTP/1.1" 200 1099
DEBUG:urllib3.connectionpool:Starting new HTTPS connection (1): api.eu-gb.tone-analyzer.watson.cloud.ibm.com:443
DEBUG:urllib3.connectionpool:https://api.eu-gb.tone-analyzer.watson.cloud.ibm.com:443 "POST /instances/094eb0dc-d562-4a31-b130-1076bb4493bd/v3/tone?version=2017-09-21 HTTP/1.1" 200 94
DEBUG:urllib3.connectionpool:Starting new HTTPS connection (1): translate.google.com:443
DEBUG:urllib3.connectionpool:https://translate.google.com:443 "GET /m?hl=en&sl=auto&q=It+should+work HTTP/1.1" 200 None
DEBUG:urllib3.connectionpool:Starting new HTTPS connection (1): translate.google.com:443
DEBUG:urllib3.connectionpool:https://translate.google.com:443 "GET /m?sl=auto&q=It+should+work&tl=en HTTP/1.1" 200 None
DEBUG:urllib3.connectionpool:Starting new HTTPS connection (1): iam.cloud.ibm.com:443
DEBUG:urllib3.connectionpool:https://iam.cloud.ibm.com:443 "POST /identity/token HTTP/1.1" 200 1102
DEBUG:urllib3.connectionpool:Starting new HTTPS connection (1): api.eu-gb.tone-analyzer.watson.cloud.ibm.com:443
DEBUG:urllib3.connectionpool:https://api.eu-gb.tone-analyzer.watson.cloud.ibm.com:443 "POST /instances/094eb0dc-d562-4a31-b130-1076bb4493bd/v3/tone?version=2017-09-21 HTTP/1.1" 200 30
ERROR:root:Emotion wasn't found for text: It should work.  Original error: list index out of range
DEBUG:urllib3.connectionpool:Starting new HTTPS connection (1): translate.google.com:443
DEBUG:urllib3.connectionpool:https://translate.google.com:443 "GET /m?hl=en&sl=auto&q=I+love+my+dog HTTP/1.1" 200 None
DEBUG:urllib3.connectionpool:Starting new HTTPS connection (1): translate.google.com:443
DEBUG:urllib3.connectionpool:https://translate.google.com:443 "GET /m?sl=auto&q=I+love+my+dog&tl=en HTTP/1.1" 200 None
DEBUG:urllib3.connectionpool:Starting new HTTPS connection (1): iam.cloud.ibm.com:443
DEBUG:urllib3.connectionpool:https://iam.cloud.ibm.com:443 "POST /identity/token HTTP/1.1" 200 1104
DEBUG:urllib3.connectionpool:Starting new HTTPS connection (1): api.eu-gb.tone-analyzer.watson.cloud.ibm.com:443
DEBUG:urllib3.connectionpool:https://api.eu-gb.tone-analyzer.watson.cloud.ibm.com:443 "POST /instances/094eb0dc-d562-4a31-b130-1076bb4493bd/v3/tone?version=2017-09-21 HTTP/1.1" 200 81
DEBUG:urllib3.connectionpool:Starting new HTTPS connection (1): translate.google.com:443
DEBUG:urllib3.connectionpool:https://translate.google.com:443 "GET /m?hl=en&sl=auto&q=My+dog+is+good HTTP/1.1" 200 None
DEBUG:urllib3.connectionpool:Starting new HTTPS connection (1): translate.google.com:443
DEBUG:urllib3.connectionpool:https://translate.google.com:443 "GET /m?sl=auto&q=My+dog+is+good&tl=en HTTP/1.1" 200 None
DEBUG:urllib3.connectionpool:Starting new HTTPS connection (1): iam.cloud.ibm.com:443
DEBUG:urllib3.connectionpool:https://iam.cloud.ibm.com:443 "POST /identity/token HTTP/1.1" 200 1103
DEBUG:urllib3.connectionpool:Starting new HTTPS connection (1): api.eu-gb.tone-analyzer.watson.cloud.ibm.com:443
DEBUG:urllib3.connectionpool:https://api.eu-gb.tone-analyzer.watson.cloud.ibm.com:443 "POST /instances/094eb0dc-d562-4a31-b130-1076bb4493bd/v3/tone?version=2017-09-21 HTTP/1.1" 200 82
DEBUG:urllib3.connectionpool:Starting new HTTPS connection (1): translate.google.com:443
DEBUG:urllib3.connectionpool:https://translate.google.com:443 "GET /m?hl=en&sl=auto&q=I+hope+it+works HTTP/1.1" 200 None
DEBUG:urllib3.connectionpool:Starting new HTTPS connection (1): translate.google.com:443
DEBUG:urllib3.connectionpool:https://translate.google.com:443 "GET /m?sl=auto&q=I+hope+it+works&tl=en HTTP/1.1" 200 None
DEBUG:urllib3.connectionpool:Starting new HTTPS connection (1): iam.cloud.ibm.com:443
DEBUG:urllib3.connectionpool:https://iam.cloud.ibm.com:443 "POST /identity/token HTTP/1.1" 200 1099
DEBUG:urllib3.connectionpool:Starting new HTTPS connection (1): api.eu-gb.tone-analyzer.watson.cloud.ibm.com:443
DEBUG:urllib3.connectionpool:https://api.eu-gb.tone-analyzer.watson.cloud.ibm.com:443 "POST /instances/094eb0dc-d562-4a31-b130-1076bb4493bd/v3/tone?version=2017-09-21 HTTP/1.1" 200 94
DEBUG:urllib3.connectionpool:Starting new HTTPS connection (1): translate.google.com:443
DEBUG:urllib3.connectionpool:https://translate.google.com:443 "GET /m?hl=en&sl=auto&q=It+should+work HTTP/1.1" 200 None
DEBUG:urllib3.connectionpool:Starting new HTTPS connection (1): translate.google.com:443
DEBUG:urllib3.connectionpool:https://translate.google.com:443 "GET /m?sl=auto&q=It+should+work&tl=en HTTP/1.1" 200 None
DEBUG:urllib3.connectionpool:Starting new HTTPS connection (1): iam.cloud.ibm.com:443
DEBUG:urllib3.connectionpool:https://iam.cloud.ibm.com:443 "POST /identity/token HTTP/1.1" 200 1096
DEBUG:urllib3.connectionpool:Starting new HTTPS connection (1): api.eu-gb.tone-analyzer.watson.cloud.ibm.com:443
DEBUG:urllib3.connectionpool:https://api.eu-gb.tone-analyzer.watson.cloud.ibm.com:443 "POST /instances/094eb0dc-d562-4a31-b130-1076bb4493bd/v3/tone?version=2017-09-21 HTTP/1.1" 200 30
ERROR:root:Emotion wasn't found for text: It should work.  Original error: list index out of range
DEBUG:urllib3.connectionpool:Starting new HTTPS connection (1): translate.google.com:443
DEBUG:urllib3.connectionpool:https://translate.google.com:443 "GET /m?hl=en&sl=auto&q=I+love+my+dog HTTP/1.1" 200 None
DEBUG:urllib3.connectionpool:Starting new HTTPS connection (1): translate.google.com:443
DEBUG:urllib3.connectionpool:https://translate.google.com:443 "GET /m?sl=auto&q=I+love+my+dog&tl=en HTTP/1.1" 200 None
DEBUG:urllib3.connectionpool:Starting new HTTPS connection (1): iam.cloud.ibm.com:443
DEBUG:urllib3.connectionpool:https://iam.cloud.ibm.com:443 "POST /identity/token HTTP/1.1" 200 1097
DEBUG:urllib3.connectionpool:Starting new HTTPS connection (1): api.eu-gb.tone-analyzer.watson.cloud.ibm.com:443
DEBUG:urllib3.connectionpool:https://api.eu-gb.tone-analyzer.watson.cloud.ibm.com:443 "POST /instances/094eb0dc-d562-4a31-b130-1076bb4493bd/v3/tone?version=2017-09-21 HTTP/1.1" 200 81
DEBUG:urllib3.connectionpool:Starting new HTTPS connection (1): translate.google.com:443
DEBUG:urllib3.connectionpool:https://translate.google.com:443 "GET /m?hl=en&sl=auto&q=My+dog+is+good HTTP/1.1" 200 None
DEBUG:urllib3.connectionpool:Starting new HTTPS connection (1): translate.google.com:443
DEBUG:urllib3.connectionpool:https://translate.google.com:443 "GET /m?sl=auto&q=My+dog+is+good&tl=en HTTP/1.1" 200 None
DEBUG:urllib3.connectionpool:Starting new HTTPS connection (1): iam.cloud.ibm.com:443
DEBUG:urllib3.connectionpool:https://iam.cloud.ibm.com:443 "POST /identity/token HTTP/1.1" 200 1098
DEBUG:urllib3.connectionpool:Starting new HTTPS connection (1): api.eu-gb.tone-analyzer.watson.cloud.ibm.com:443
DEBUG:urllib3.connectionpool:https://api.eu-gb.tone-analyzer.watson.cloud.ibm.com:443 "POST /instances/094eb0dc-d562-4a31-b130-1076bb4493bd/v3/tone?version=2017-09-21 HTTP/1.1" 200 82
DEBUG:urllib3.connectionpool:Starting new HTTPS connection (1): translate.google.com:443
DEBUG:urllib3.connectionpool:https://translate.google.com:443 "GET /m?hl=en&sl=auto&q=I+hope+it+works HTTP/1.1" 200 None
DEBUG:urllib3.connectionpool:Starting new HTTPS connection (1): translate.google.com:443
DEBUG:urllib3.connectionpool:https://translate.google.com:443 "GET /m?sl=auto&q=I+hope+it+works&tl=en HTTP/1.1" 200 None
DEBUG:urllib3.connectionpool:Starting new HTTPS connection (1): iam.cloud.ibm.com:443
DEBUG:urllib3.connectionpool:https://iam.cloud.ibm.com:443 "POST /identity/token HTTP/1.1" 200 1101
DEBUG:urllib3.connectionpool:Starting new HTTPS connection (1): api.eu-gb.tone-analyzer.watson.cloud.ibm.com:443
DEBUG:urllib3.connectionpool:https://api.eu-gb.tone-analyzer.watson.cloud.ibm.com:443 "POST /instances/094eb0dc-d562-4a31-b130-1076bb4493bd/v3/tone?version=2017-09-21 HTTP/1.1" 200 94
DEBUG:urllib3.connectionpool:Starting new HTTPS connection (1): translate.google.com:443
DEBUG:urllib3.connectionpool:https://translate.google.com:443 "GET /m?hl=en&sl=auto&q=It+should+work HTTP/1.1" 200 None
DEBUG:urllib3.connectionpool:Starting new HTTPS connection (1): translate.google.com:443
DEBUG:urllib3.connectionpool:https://translate.google.com:443 "GET /m?sl=auto&q=It+should+work&tl=en HTTP/1.1" 200 None
DEBUG:urllib3.connectionpool:Starting new HTTPS connection (1): iam.cloud.ibm.com:443
DEBUG:urllib3.connectionpool:https://iam.cloud.ibm.com:443 "POST /identity/token HTTP/1.1" 200 1103
DEBUG:urllib3.connectionpool:Starting new HTTPS connection (1): api.eu-gb.tone-analyzer.watson.cloud.ibm.com:443
DEBUG:urllib3.connectionpool:https://api.eu-gb.tone-analyzer.watson.cloud.ibm.com:443 "POST /instances/094eb0dc-d562-4a31-b130-1076bb4493bd/v3/tone?version=2017-09-21 HTTP/1.1" 200 30
ERROR:root:Emotion wasn't found for text: It should work.  Original error: list index out of range
DEBUG:urllib3.connectionpool:Starting new HTTPS connection (1): translate.google.com:443
DEBUG:urllib3.connectionpool:https://translate.google.com:443 "GET /m?hl=en&sl=auto&q=I+love+my+dog HTTP/1.1" 200 None
DEBUG:urllib3.connectionpool:Starting new HTTPS connection (1): translate.google.com:443
DEBUG:urllib3.connectionpool:https://translate.google.com:443 "GET /m?sl=auto&q=I+love+my+dog&tl=en HTTP/1.1" 200 None
DEBUG:urllib3.connectionpool:Starting new HTTPS connection (1): iam.cloud.ibm.com:443
DEBUG:urllib3.connectionpool:https://iam.cloud.ibm.com:443 "POST /identity/token HTTP/1.1" 200 1097
DEBUG:urllib3.connectionpool:Starting new HTTPS connection (1): api.eu-gb.tone-analyzer.watson.cloud.ibm.com:443
DEBUG:urllib3.connectionpool:https://api.eu-gb.tone-analyzer.watson.cloud.ibm.com:443 "POST /instances/094eb0dc-d562-4a31-b130-1076bb4493bd/v3/tone?version=2017-09-21 HTTP/1.1" 200 81
DEBUG:urllib3.connectionpool:Starting new HTTPS connection (1): translate.google.com:443
DEBUG:urllib3.connectionpool:https://translate.google.com:443 "GET /m?hl=en&sl=auto&q=My+dog+is+good HTTP/1.1" 200 None
DEBUG:urllib3.connectionpool:Starting new HTTPS connection (1): translate.google.com:443
DEBUG:urllib3.connectionpool:https://translate.google.com:443 "GET /m?sl=auto&q=My+dog+is+good&tl=en HTTP/1.1" 200 None
DEBUG:urllib3.connectionpool:Starting new HTTPS connection (1): iam.cloud.ibm.com:443
DEBUG:urllib3.connectionpool:https://iam.cloud.ibm.com:443 "POST /identity/token HTTP/1.1" 200 1100
DEBUG:urllib3.connectionpool:Starting new HTTPS connection (1): api.eu-gb.tone-analyzer.watson.cloud.ibm.com:443
DEBUG:urllib3.connectionpool:https://api.eu-gb.tone-analyzer.watson.cloud.ibm.com:443 "POST /instances/094eb0dc-d562-4a31-b130-1076bb4493bd/v3/tone?version=2017-09-21 HTTP/1.1" 200 82
DEBUG:urllib3.connectionpool:Starting new HTTPS connection (1): translate.google.com:443
DEBUG:urllib3.connectionpool:https://translate.google.com:443 "GET /m?hl=en&sl=auto&q=I+hope+it+works HTTP/1.1" 200 None
DEBUG:urllib3.connectionpool:Starting new HTTPS connection (1): translate.google.com:443
DEBUG:urllib3.connectionpool:https://translate.google.com:443 "GET /m?sl=auto&q=I+hope+it+works&tl=en HTTP/1.1" 200 None
DEBUG:urllib3.connectionpool:Starting new HTTPS connection (1): iam.cloud.ibm.com:443
DEBUG:urllib3.connectionpool:https://iam.cloud.ibm.com:443 "POST /identity/token HTTP/1.1" 200 1102
DEBUG:urllib3.connectionpool:Starting new HTTPS connection (1): api.eu-gb.tone-analyzer.watson.cloud.ibm.com:443
DEBUG:urllib3.connectionpool:https://api.eu-gb.tone-analyzer.watson.cloud.ibm.com:443 "POST /instances/094eb0dc-d562-4a31-b130-1076bb4493bd/v3/tone?version=2017-09-21 HTTP/1.1" 200 94
DEBUG:urllib3.connectionpool:Starting new HTTPS connection (1): translate.google.com:443
DEBUG:urllib3.connectionpool:https://translate.google.com:443 "GET /m?hl=en&sl=auto&q=It+should+work HTTP/1.1" 200 None
DEBUG:urllib3.connectionpool:Starting new HTTPS connection (1): translate.google.com:443
DEBUG:urllib3.connectionpool:https://translate.google.com:443 "GET /m?sl=auto&q=It+should+work&tl=en HTTP/1.1" 200 None
DEBUG:urllib3.connectionpool:Starting new HTTPS connection (1): iam.cloud.ibm.com:443
DEBUG:urllib3.connectionpool:https://iam.cloud.ibm.com:443 "POST /identity/token HTTP/1.1" 200 1101
DEBUG:urllib3.connectionpool:Starting new HTTPS connection (1): api.eu-gb.tone-analyzer.watson.cloud.ibm.com:443
DEBUG:urllib3.connectionpool:https://api.eu-gb.tone-analyzer.watson.cloud.ibm.com:443 "POST /instances/094eb0dc-d562-4a31-b130-1076bb4493bd/v3/tone?version=2017-09-21 HTTP/1.1" 200 30
ERROR:root:Emotion wasn't found for text: It should work.  Original error: list index out of range
DEBUG:urllib3.connectionpool:Starting new HTTPS connection (1): translate.google.com:443
DEBUG:urllib3.connectionpool:https://translate.google.com:443 "GET /m?hl=en&sl=auto&q=I+love+my+dog HTTP/1.1" 200 None
DEBUG:urllib3.connectionpool:Starting new HTTPS connection (1): translate.google.com:443
DEBUG:urllib3.connectionpool:https://translate.google.com:443 "GET /m?sl=auto&q=I+love+my+dog&tl=en HTTP/1.1" 200 None
DEBUG:urllib3.connectionpool:Starting new HTTPS connection (1): iam.cloud.ibm.com:443
DEBUG:urllib3.connectionpool:https://iam.cloud.ibm.com:443 "POST /identity/token HTTP/1.1" 200 1101
DEBUG:urllib3.connectionpool:Starting new HTTPS connection (1): api.eu-gb.tone-analyzer.watson.cloud.ibm.com:443
DEBUG:urllib3.connectionpool:https://api.eu-gb.tone-analyzer.watson.cloud.ibm.com:443 "POST /instances/094eb0dc-d562-4a31-b130-1076bb4493bd/v3/tone?version=2017-09-21 HTTP/1.1" 200 81
DEBUG:urllib3.connectionpool:Starting new HTTPS connection (1): translate.google.com:443
DEBUG:urllib3.connectionpool:https://translate.google.com:443 "GET /m?hl=en&sl=auto&q=My+dog+is+good HTTP/1.1" 200 None
DEBUG:urllib3.connectionpool:Starting new HTTPS connection (1): translate.google.com:443
DEBUG:urllib3.connectionpool:https://translate.google.com:443 "GET /m?sl=auto&q=My+dog+is+good&tl=en HTTP/1.1" 200 None
DEBUG:urllib3.connectionpool:Starting new HTTPS connection (1): iam.cloud.ibm.com:443
DEBUG:urllib3.connectionpool:https://iam.cloud.ibm.com:443 "POST /identity/token HTTP/1.1" 200 1102
DEBUG:urllib3.connectionpool:Starting new HTTPS connection (1): api.eu-gb.tone-analyzer.watson.cloud.ibm.com:443
DEBUG:urllib3.connectionpool:https://api.eu-gb.tone-analyzer.watson.cloud.ibm.com:443 "POST /instances/094eb0dc-d562-4a31-b130-1076bb4493bd/v3/tone?version=2017-09-21 HTTP/1.1" 200 82
DEBUG:urllib3.connectionpool:Starting new HTTPS connection (1): translate.google.com:443
DEBUG:urllib3.connectionpool:https://translate.google.com:443 "GET /m?hl=en&sl=auto&q=I+hope+it+works HTTP/1.1" 200 None
DEBUG:urllib3.connectionpool:Starting new HTTPS connection (1): translate.google.com:443
DEBUG:urllib3.connectionpool:https://translate.google.com:443 "GET /m?sl=auto&q=I+hope+it+works&tl=en HTTP/1.1" 200 None
DEBUG:urllib3.connectionpool:Starting new HTTPS connection (1): iam.cloud.ibm.com:443
DEBUG:urllib3.connectionpool:https://iam.cloud.ibm.com:443 "POST /identity/token HTTP/1.1" 200 1102
DEBUG:urllib3.connectionpool:Starting new HTTPS connection (1): api.eu-gb.tone-analyzer.watson.cloud.ibm.com:443
DEBUG:urllib3.connectionpool:https://api.eu-gb.tone-analyzer.watson.cloud.ibm.com:443 "POST /instances/094eb0dc-d562-4a31-b130-1076bb4493bd/v3/tone?version=2017-09-21 HTTP/1.1" 200 94
DEBUG:urllib3.connectionpool:Starting new HTTPS connection (1): translate.google.com:443
DEBUG:urllib3.connectionpool:https://translate.google.com:443 "GET /m?hl=en&sl=auto&q=It+should+work HTTP/1.1" 200 None
DEBUG:urllib3.connectionpool:Starting new HTTPS connection (1): translate.google.com:443
DEBUG:urllib3.connectionpool:https://translate.google.com:443 "GET /m?sl=auto&q=It+should+work&tl=en HTTP/1.1" 200 None
DEBUG:urllib3.connectionpool:Starting new HTTPS connection (1): iam.cloud.ibm.com:443
DEBUG:urllib3.connectionpool:https://iam.cloud.ibm.com:443 "POST /identity/token HTTP/1.1" 200 1101
DEBUG:urllib3.connectionpool:Starting new HTTPS connection (1): api.eu-gb.tone-analyzer.watson.cloud.ibm.com:443
DEBUG:urllib3.connectionpool:https://api.eu-gb.tone-analyzer.watson.cloud.ibm.com:443 "POST /instances/094eb0dc-d562-4a31-b130-1076bb4493bd/v3/tone?version=2017-09-21 HTTP/1.1" 200 30
ERROR:root:Emotion wasn't found for text: It should work.  Original error: list index out of range
DEBUG:urllib3.connectionpool:Starting new HTTPS connection (1): translate.google.com:443
DEBUG:urllib3.connectionpool:https://translate.google.com:443 "GET /m?hl=en&sl=auto&q=I+love+my+dog HTTP/1.1" 200 None
DEBUG:urllib3.connectionpool:Starting new HTTPS connection (1): translate.google.com:443
DEBUG:urllib3.connectionpool:https://translate.google.com:443 "GET /m?sl=auto&q=I+love+my+dog&tl=en HTTP/1.1" 200 None
DEBUG:urllib3.connectionpool:Starting new HTTPS connection (1): iam.cloud.ibm.com:443
DEBUG:urllib3.connectionpool:https://iam.cloud.ibm.com:443 "POST /identity/token HTTP/1.1" 200 1103
DEBUG:urllib3.connectionpool:Starting new HTTPS connection (1): api.eu-gb.tone-analyzer.watson.cloud.ibm.com:443
DEBUG:urllib3.connectionpool:https://api.eu-gb.tone-analyzer.watson.cloud.ibm.com:443 "POST /instances/094eb0dc-d562-4a31-b130-1076bb4493bd/v3/tone?version=2017-09-21 HTTP/1.1" 200 81
DEBUG:urllib3.connectionpool:Starting new HTTPS connection (1): translate.google.com:443
DEBUG:urllib3.connectionpool:https://translate.google.com:443 "GET /m?hl=en&sl=auto&q=My+dog+is+good HTTP/1.1" 200 None
DEBUG:urllib3.connectionpool:Starting new HTTPS connection (1): translate.google.com:443
DEBUG:urllib3.connectionpool:https://translate.google.com:443 "GET /m?sl=auto&q=My+dog+is+good&tl=en HTTP/1.1" 200 None
DEBUG:urllib3.connectionpool:Starting new HTTPS connection (1): iam.cloud.ibm.com:443
DEBUG:urllib3.connectionpool:https://iam.cloud.ibm.com:443 "POST /identity/token HTTP/1.1" 200 1098
DEBUG:urllib3.connectionpool:Starting new HTTPS connection (1): api.eu-gb.tone-analyzer.watson.cloud.ibm.com:443
DEBUG:urllib3.connectionpool:https://api.eu-gb.tone-analyzer.watson.cloud.ibm.com:443 "POST /instances/094eb0dc-d562-4a31-b130-1076bb4493bd/v3/tone?version=2017-09-21 HTTP/1.1" 200 82
DEBUG:urllib3.connectionpool:Starting new HTTPS connection (1): translate.google.com:443
DEBUG:urllib3.connectionpool:https://translate.google.com:443 "GET /m?hl=en&sl=auto&q=I+hope+it+works HTTP/1.1" 200 None
DEBUG:urllib3.connectionpool:Starting new HTTPS connection (1): translate.google.com:443
DEBUG:urllib3.connectionpool:https://translate.google.com:443 "GET /m?sl=auto&q=I+hope+it+works&tl=en HTTP/1.1" 200 None
DEBUG:urllib3.connectionpool:Starting new HTTPS connection (1): iam.cloud.ibm.com:443
DEBUG:urllib3.connectionpool:https://iam.cloud.ibm.com:443 "POST /identity/token HTTP/1.1" 200 1096
DEBUG:urllib3.connectionpool:Starting new HTTPS connection (1): api.eu-gb.tone-analyzer.watson.cloud.ibm.com:443
DEBUG:urllib3.connectionpool:https://api.eu-gb.tone-analyzer.watson.cloud.ibm.com:443 "POST /instances/094eb0dc-d562-4a31-b130-1076bb4493bd/v3/tone?version=2017-09-21 HTTP/1.1" 200 94
DEBUG:urllib3.connectionpool:Starting new HTTPS connection (1): translate.google.com:443
DEBUG:urllib3.connectionpool:https://translate.google.com:443 "GET /m?hl=en&sl=auto&q=It+should+work HTTP/1.1" 200 None
DEBUG:urllib3.connectionpool:Starting new HTTPS connection (1): translate.google.com:443
DEBUG:urllib3.connectionpool:https://translate.google.com:443 "GET /m?sl=auto&q=It+should+work&tl=en HTTP/1.1" 200 None
DEBUG:urllib3.connectionpool:Starting new HTTPS connection (1): iam.cloud.ibm.com:443
DEBUG:urllib3.connectionpool:https://iam.cloud.ibm.com:443 "POST /identity/token HTTP/1.1" 200 1102
DEBUG:urllib3.connectionpool:Starting new HTTPS connection (1): api.eu-gb.tone-analyzer.watson.cloud.ibm.com:443
DEBUG:urllib3.connectionpool:https://api.eu-gb.tone-analyzer.watson.cloud.ibm.com:443 "POST /instances/094eb0dc-d562-4a31-b130-1076bb4493bd/v3/tone?version=2017-09-21 HTTP/1.1" 200 30
ERROR:root:Emotion wasn't found for text: It should work.  Original error: list index out of range
DEBUG:urllib3.connectionpool:Starting new HTTPS connection (1): translate.google.com:443
DEBUG:urllib3.connectionpool:https://translate.google.com:443 "GET /m?hl=en&sl=auto&q=I+love+my+dog HTTP/1.1" 200 None
DEBUG:urllib3.connectionpool:Starting new HTTPS connection (1): translate.google.com:443
DEBUG:urllib3.connectionpool:https://translate.google.com:443 "GET /m?sl=auto&q=I+love+my+dog&tl=en HTTP/1.1" 200 None
DEBUG:urllib3.connectionpool:Starting new HTTPS connection (1): iam.cloud.ibm.com:443
DEBUG:urllib3.connectionpool:https://iam.cloud.ibm.com:443 "POST /identity/token HTTP/1.1" 200 1105
DEBUG:urllib3.connectionpool:Starting new HTTPS connection (1): api.eu-gb.tone-analyzer.watson.cloud.ibm.com:443
DEBUG:urllib3.connectionpool:https://api.eu-gb.tone-analyzer.watson.cloud.ibm.com:443 "POST /instances/094eb0dc-d562-4a31-b130-1076bb4493bd/v3/tone?version=2017-09-21 HTTP/1.1" 200 81
DEBUG:urllib3.connectionpool:Starting new HTTPS connection (1): translate.google.com:443
DEBUG:urllib3.connectionpool:https://translate.google.com:443 "GET /m?hl=en&sl=auto&q=My+dog+is+good HTTP/1.1" 200 None
DEBUG:urllib3.connectionpool:Starting new HTTPS connection (1): translate.google.com:443
DEBUG:urllib3.connectionpool:https://translate.google.com:443 "GET /m?sl=auto&q=My+dog+is+good&tl=en HTTP/1.1" 200 None
DEBUG:urllib3.connectionpool:Starting new HTTPS connection (1): iam.cloud.ibm.com:443
DEBUG:urllib3.connectionpool:https://iam.cloud.ibm.com:443 "POST /identity/token HTTP/1.1" 200 1103
DEBUG:urllib3.connectionpool:Starting new HTTPS connection (1): api.eu-gb.tone-analyzer.watson.cloud.ibm.com:443
DEBUG:urllib3.connectionpool:https://api.eu-gb.tone-analyzer.watson.cloud.ibm.com:443 "POST /instances/094eb0dc-d562-4a31-b130-1076bb4493bd/v3/tone?version=2017-09-21 HTTP/1.1" 200 82
DEBUG:urllib3.connectionpool:Starting new HTTPS connection (1): translate.google.com:443
DEBUG:urllib3.connectionpool:https://translate.google.com:443 "GET /m?hl=en&sl=auto&q=I+hope+it+works HTTP/1.1" 200 None
DEBUG:urllib3.connectionpool:Starting new HTTPS connection (1): translate.google.com:443
DEBUG:urllib3.connectionpool:https://translate.google.com:443 "GET /m?sl=auto&q=I+hope+it+works&tl=en HTTP/1.1" 200 None
DEBUG:urllib3.connectionpool:Starting new HTTPS connection (1): iam.cloud.ibm.com:443
DEBUG:urllib3.connectionpool:https://iam.cloud.ibm.com:443 "POST /identity/token HTTP/1.1" 200 1103
DEBUG:urllib3.connectionpool:Starting new HTTPS connection (1): api.eu-gb.tone-analyzer.watson.cloud.ibm.com:443
DEBUG:urllib3.connectionpool:https://api.eu-gb.tone-analyzer.watson.cloud.ibm.com:443 "POST /instances/094eb0dc-d562-4a31-b130-1076bb4493bd/v3/tone?version=2017-09-21 HTTP/1.1" 200 94
DEBUG:urllib3.connectionpool:Starting new HTTPS connection (1): translate.google.com:443
DEBUG:urllib3.connectionpool:https://translate.google.com:443 "GET /m?hl=en&sl=auto&q=It+should+work HTTP/1.1" 200 None
DEBUG:urllib3.connectionpool:Starting new HTTPS connection (1): translate.google.com:443
DEBUG:urllib3.connectionpool:https://translate.google.com:443 "GET /m?sl=auto&q=It+should+work&tl=en HTTP/1.1" 200 None
DEBUG:urllib3.connectionpool:Starting new HTTPS connection (1): iam.cloud.ibm.com:443
DEBUG:urllib3.connectionpool:https://iam.cloud.ibm.com:443 "POST /identity/token HTTP/1.1" 200 1105
DEBUG:urllib3.connectionpool:Starting new HTTPS connection (1): api.eu-gb.tone-analyzer.watson.cloud.ibm.com:443
DEBUG:urllib3.connectionpool:https://api.eu-gb.tone-analyzer.watson.cloud.ibm.com:443 "POST /instances/094eb0dc-d562-4a31-b130-1076bb4493bd/v3/tone?version=2017-09-21 HTTP/1.1" 200 30
ERROR:root:Emotion wasn't found for text: It should work.  Original error: list index out of range
DEBUG:urllib3.connectionpool:Starting new HTTPS connection (1): translate.google.com:443
DEBUG:urllib3.connectionpool:https://translate.google.com:443 "GET /m?hl=en&sl=auto&q=I+love+my+dog HTTP/1.1" 200 None
DEBUG:urllib3.connectionpool:Starting new HTTPS connection (1): translate.google.com:443
DEBUG:urllib3.connectionpool:https://translate.google.com:443 "GET /m?sl=auto&q=I+love+my+dog&tl=en HTTP/1.1" 200 None
DEBUG:urllib3.connectionpool:Starting new HTTPS connection (1): iam.cloud.ibm.com:443
DEBUG:urllib3.connectionpool:https://iam.cloud.ibm.com:443 "POST /identity/token HTTP/1.1" 200 1103
DEBUG:urllib3.connectionpool:Starting new HTTPS connection (1): api.eu-gb.tone-analyzer.watson.cloud.ibm.com:443
DEBUG:urllib3.connectionpool:https://api.eu-gb.tone-analyzer.watson.cloud.ibm.com:443 "POST /instances/094eb0dc-d562-4a31-b130-1076bb4493bd/v3/tone?version=2017-09-21 HTTP/1.1" 200 81
DEBUG:urllib3.connectionpool:Starting new HTTPS connection (1): translate.google.com:443
DEBUG:urllib3.connectionpool:https://translate.google.com:443 "GET /m?hl=en&sl=auto&q=My+dog+is+good HTTP/1.1" 200 None
DEBUG:urllib3.connectionpool:Starting new HTTPS connection (1): translate.google.com:443
DEBUG:urllib3.connectionpool:https://translate.google.com:443 "GET /m?sl=auto&q=My+dog+is+good&tl=en HTTP/1.1" 200 None
DEBUG:urllib3.connectionpool:Starting new HTTPS connection (1): iam.cloud.ibm.com:443
DEBUG:urllib3.connectionpool:https://iam.cloud.ibm.com:443 "POST /identity/token HTTP/1.1" 200 1102
DEBUG:urllib3.connectionpool:Starting new HTTPS connection (1): api.eu-gb.tone-analyzer.watson.cloud.ibm.com:443
DEBUG:urllib3.connectionpool:https://api.eu-gb.tone-analyzer.watson.cloud.ibm.com:443 "POST /instances/094eb0dc-d562-4a31-b130-1076bb4493bd/v3/tone?version=2017-09-21 HTTP/1.1" 200 82
DEBUG:urllib3.connectionpool:Starting new HTTPS connection (1): translate.google.com:443
DEBUG:urllib3.connectionpool:https://translate.google.com:443 "GET /m?hl=en&sl=auto&q=I+hope+it+works HTTP/1.1" 200 None
DEBUG:urllib3.connectionpool:Starting new HTTPS connection (1): translate.google.com:443
DEBUG:urllib3.connectionpool:https://translate.google.com:443 "GET /m?sl=auto&q=I+hope+it+works&tl=en HTTP/1.1" 200 None
DEBUG:urllib3.connectionpool:Starting new HTTPS connection (1): iam.cloud.ibm.com:443
DEBUG:urllib3.connectionpool:https://iam.cloud.ibm.com:443 "POST /identity/token HTTP/1.1" 200 1101
DEBUG:urllib3.connectionpool:Starting new HTTPS connection (1): api.eu-gb.tone-analyzer.watson.cloud.ibm.com:443
DEBUG:urllib3.connectionpool:https://api.eu-gb.tone-analyzer.watson.cloud.ibm.com:443 "POST /instances/094eb0dc-d562-4a31-b130-1076bb4493bd/v3/tone?version=2017-09-21 HTTP/1.1" 200 94
DEBUG:urllib3.connectionpool:Starting new HTTPS connection (1): translate.google.com:443
DEBUG:urllib3.connectionpool:https://translate.google.com:443 "GET /m?hl=en&sl=auto&q=It+should+work HTTP/1.1" 200 None
DEBUG:urllib3.connectionpool:Starting new HTTPS connection (1): translate.google.com:443
DEBUG:urllib3.connectionpool:https://translate.google.com:443 "GET /m?sl=auto&q=It+should+work&tl=en HTTP/1.1" 200 None
DEBUG:urllib3.connectionpool:Starting new HTTPS connection (1): iam.cloud.ibm.com:443
DEBUG:urllib3.connectionpool:https://iam.cloud.ibm.com:443 "POST /identity/token HTTP/1.1" 200 1102
DEBUG:urllib3.connectionpool:Starting new HTTPS connection (1): api.eu-gb.tone-analyzer.watson.cloud.ibm.com:443
DEBUG:urllib3.connectionpool:https://api.eu-gb.tone-analyzer.watson.cloud.ibm.com:443 "POST /instances/094eb0dc-d562-4a31-b130-1076bb4493bd/v3/tone?version=2017-09-21 HTTP/1.1" 200 30
ERROR:root:Emotion wasn't found for text: It should work.  Original error: list index out of range
DEBUG:urllib3.connectionpool:Starting new HTTPS connection (1): translate.google.com:443
DEBUG:urllib3.connectionpool:https://translate.google.com:443 "GET /m?hl=en&sl=auto&q=I+love+my+dog HTTP/1.1" 200 None
DEBUG:urllib3.connectionpool:Starting new HTTPS connection (1): translate.google.com:443
DEBUG:urllib3.connectionpool:https://translate.google.com:443 "GET /m?sl=auto&q=I+love+my+dog&tl=en HTTP/1.1" 200 None
DEBUG:urllib3.connectionpool:Starting new HTTPS connection (1): iam.cloud.ibm.com:443
DEBUG:urllib3.connectionpool:https://iam.cloud.ibm.com:443 "POST /identity/token HTTP/1.1" 200 1101
DEBUG:urllib3.connectionpool:Starting new HTTPS connection (1): api.eu-gb.tone-analyzer.watson.cloud.ibm.com:443
DEBUG:urllib3.connectionpool:https://api.eu-gb.tone-analyzer.watson.cloud.ibm.com:443 "POST /instances/094eb0dc-d562-4a31-b130-1076bb4493bd/v3/tone?version=2017-09-21 HTTP/1.1" 200 81
DEBUG:urllib3.connectionpool:Starting new HTTPS connection (1): translate.google.com:443
DEBUG:urllib3.connectionpool:https://translate.google.com:443 "GET /m?hl=en&sl=auto&q=My+dog+is+good HTTP/1.1" 200 None
DEBUG:urllib3.connectionpool:Starting new HTTPS connection (1): translate.google.com:443
DEBUG:urllib3.connectionpool:https://translate.google.com:443 "GET /m?sl=auto&q=My+dog+is+good&tl=en HTTP/1.1" 200 None
DEBUG:urllib3.connectionpool:Starting new HTTPS connection (1): iam.cloud.ibm.com:443
DEBUG:urllib3.connectionpool:https://iam.cloud.ibm.com:443 "POST /identity/token HTTP/1.1" 200 1103
DEBUG:urllib3.connectionpool:Starting new HTTPS connection (1): api.eu-gb.tone-analyzer.watson.cloud.ibm.com:443
DEBUG:urllib3.connectionpool:https://api.eu-gb.tone-analyzer.watson.cloud.ibm.com:443 "POST /instances/094eb0dc-d562-4a31-b130-1076bb4493bd/v3/tone?version=2017-09-21 HTTP/1.1" 200 82
DEBUG:urllib3.connectionpool:Starting new HTTPS connection (1): translate.google.com:443
DEBUG:urllib3.connectionpool:https://translate.google.com:443 "GET /m?hl=en&sl=auto&q=I+hope+it+works HTTP/1.1" 200 None
DEBUG:urllib3.connectionpool:Starting new HTTPS connection (1): translate.google.com:443
DEBUG:urllib3.connectionpool:https://translate.google.com:443 "GET /m?sl=auto&q=I+hope+it+works&tl=en HTTP/1.1" 200 None
DEBUG:urllib3.connectionpool:Starting new HTTPS connection (1): iam.cloud.ibm.com:443
DEBUG:urllib3.connectionpool:https://iam.cloud.ibm.com:443 "POST /identity/token HTTP/1.1" 200 1100
DEBUG:urllib3.connectionpool:Starting new HTTPS connection (1): api.eu-gb.tone-analyzer.watson.cloud.ibm.com:443
DEBUG:urllib3.connectionpool:https://api.eu-gb.tone-analyzer.watson.cloud.ibm.com:443 "POST /instances/094eb0dc-d562-4a31-b130-1076bb4493bd/v3/tone?version=2017-09-21 HTTP/1.1" 200 94
DEBUG:urllib3.connectionpool:Starting new HTTPS connection (1): translate.google.com:443
DEBUG:urllib3.connectionpool:https://translate.google.com:443 "GET /m?hl=en&sl=auto&q=It+should+work HTTP/1.1" 200 None
DEBUG:urllib3.connectionpool:Starting new HTTPS connection (1): translate.google.com:443
DEBUG:urllib3.connectionpool:https://translate.google.com:443 "GET /m?sl=auto&q=It+should+work&tl=en HTTP/1.1" 200 None
DEBUG:urllib3.connectionpool:Starting new HTTPS connection (1): iam.cloud.ibm.com:443
DEBUG:urllib3.connectionpool:https://iam.cloud.ibm.com:443 "POST /identity/token HTTP/1.1" 200 1101
DEBUG:urllib3.connectionpool:Starting new HTTPS connection (1): api.eu-gb.tone-analyzer.watson.cloud.ibm.com:443
DEBUG:urllib3.connectionpool:https://api.eu-gb.tone-analyzer.watson.cloud.ibm.com:443 "POST /instances/094eb0dc-d562-4a31-b130-1076bb4493bd/v3/tone?version=2017-09-21 HTTP/1.1" 200 30
ERROR:root:Emotion wasn't found for text: It should work.  Original error: list index out of range
DEBUG:urllib3.connectionpool:Starting new HTTPS connection (1): translate.google.com:443
DEBUG:urllib3.connectionpool:https://translate.google.com:443 "GET /m?hl=en&sl=auto&q=I+love+my+dog HTTP/1.1" 200 None
DEBUG:urllib3.connectionpool:Starting new HTTPS connection (1): translate.google.com:443
DEBUG:urllib3.connectionpool:https://translate.google.com:443 "GET /m?sl=auto&q=I+love+my+dog&tl=en HTTP/1.1" 200 None
DEBUG:urllib3.connectionpool:Starting new HTTPS connection (1): iam.cloud.ibm.com:443
DEBUG:urllib3.connectionpool:https://iam.cloud.ibm.com:443 "POST /identity/token HTTP/1.1" 200 1104
DEBUG:urllib3.connectionpool:Starting new HTTPS connection (1): api.eu-gb.tone-analyzer.watson.cloud.ibm.com:443
DEBUG:urllib3.connectionpool:https://api.eu-gb.tone-analyzer.watson.cloud.ibm.com:443 "POST /instances/094eb0dc-d562-4a31-b130-1076bb4493bd/v3/tone?version=2017-09-21 HTTP/1.1" 200 81
DEBUG:urllib3.connectionpool:Starting new HTTPS connection (1): translate.google.com:443
DEBUG:urllib3.connectionpool:https://translate.google.com:443 "GET /m?hl=en&sl=auto&q=My+dog+is+good HTTP/1.1" 200 None
DEBUG:urllib3.connectionpool:Starting new HTTPS connection (1): translate.google.com:443
DEBUG:urllib3.connectionpool:https://translate.google.com:443 "GET /m?sl=auto&q=My+dog+is+good&tl=en HTTP/1.1" 200 None
DEBUG:urllib3.connectionpool:Starting new HTTPS connection (1): iam.cloud.ibm.com:443
DEBUG:urllib3.connectionpool:https://iam.cloud.ibm.com:443 "POST /identity/token HTTP/1.1" 200 1102
DEBUG:urllib3.connectionpool:Starting new HTTPS connection (1): api.eu-gb.tone-analyzer.watson.cloud.ibm.com:443
DEBUG:urllib3.connectionpool:https://api.eu-gb.tone-analyzer.watson.cloud.ibm.com:443 "POST /instances/094eb0dc-d562-4a31-b130-1076bb4493bd/v3/tone?version=2017-09-21 HTTP/1.1" 200 82
DEBUG:urllib3.connectionpool:Starting new HTTPS connection (1): translate.google.com:443
DEBUG:urllib3.connectionpool:https://translate.google.com:443 "GET /m?hl=en&sl=auto&q=I+hope+it+works HTTP/1.1" 200 None
DEBUG:urllib3.connectionpool:Starting new HTTPS connection (1): translate.google.com:443
DEBUG:urllib3.connectionpool:https://translate.google.com:443 "GET /m?sl=auto&q=I+hope+it+works&tl=en HTTP/1.1" 200 None
DEBUG:urllib3.connectionpool:Starting new HTTPS connection (1): iam.cloud.ibm.com:443
DEBUG:urllib3.connectionpool:https://iam.cloud.ibm.com:443 "POST /identity/token HTTP/1.1" 200 1100
DEBUG:urllib3.connectionpool:Starting new HTTPS connection (1): api.eu-gb.tone-analyzer.watson.cloud.ibm.com:443
DEBUG:urllib3.connectionpool:https://api.eu-gb.tone-analyzer.watson.cloud.ibm.com:443 "POST /instances/094eb0dc-d562-4a31-b130-1076bb4493bd/v3/tone?version=2017-09-21 HTTP/1.1" 200 94
DEBUG:urllib3.connectionpool:Starting new HTTPS connection (1): translate.google.com:443
DEBUG:urllib3.connectionpool:https://translate.google.com:443 "GET /m?hl=en&sl=auto&q=It+should+work HTTP/1.1" 200 None
DEBUG:urllib3.connectionpool:Starting new HTTPS connection (1): translate.google.com:443
DEBUG:urllib3.connectionpool:https://translate.google.com:443 "GET /m?sl=auto&q=It+should+work&tl=en HTTP/1.1" 200 None
DEBUG:urllib3.connectionpool:Starting new HTTPS connection (1): iam.cloud.ibm.com:443
DEBUG:urllib3.connectionpool:https://iam.cloud.ibm.com:443 "POST /identity/token HTTP/1.1" 200 1104
DEBUG:urllib3.connectionpool:Starting new HTTPS connection (1): api.eu-gb.tone-analyzer.watson.cloud.ibm.com:443
DEBUG:urllib3.connectionpool:https://api.eu-gb.tone-analyzer.watson.cloud.ibm.com:443 "POST /instances/094eb0dc-d562-4a31-b130-1076bb4493bd/v3/tone?version=2017-09-21 HTTP/1.1" 200 30
ERROR:root:Emotion wasn't found for text: It should work.  Original error: list index out of range
DEBUG:urllib3.connectionpool:Starting new HTTPS connection (1): translate.google.com:443
DEBUG:urllib3.connectionpool:https://translate.google.com:443 "GET /m?hl=en&sl=auto&q=I+love+my+dog HTTP/1.1" 200 None
DEBUG:urllib3.connectionpool:Starting new HTTPS connection (1): translate.google.com:443
DEBUG:urllib3.connectionpool:https://translate.google.com:443 "GET /m?sl=auto&q=I+love+my+dog&tl=en HTTP/1.1" 200 None
DEBUG:urllib3.connectionpool:Starting new HTTPS connection (1): iam.cloud.ibm.com:443
DEBUG:urllib3.connectionpool:https://iam.cloud.ibm.com:443 "POST /identity/token HTTP/1.1" 200 1102
DEBUG:urllib3.connectionpool:Starting new HTTPS connection (1): api.eu-gb.tone-analyzer.watson.cloud.ibm.com:443
DEBUG:urllib3.connectionpool:https://api.eu-gb.tone-analyzer.watson.cloud.ibm.com:443 "POST /instances/094eb0dc-d562-4a31-b130-1076bb4493bd/v3/tone?version=2017-09-21 HTTP/1.1" 200 81
DEBUG:urllib3.connectionpool:Starting new HTTPS connection (1): translate.google.com:443
DEBUG:urllib3.connectionpool:https://translate.google.com:443 "GET /m?hl=en&sl=auto&q=My+dog+is+good HTTP/1.1" 200 None
DEBUG:urllib3.connectionpool:Starting new HTTPS connection (1): translate.google.com:443
DEBUG:urllib3.connectionpool:https://translate.google.com:443 "GET /m?sl=auto&q=My+dog+is+good&tl=en HTTP/1.1" 200 None
DEBUG:urllib3.connectionpool:Starting new HTTPS connection (1): iam.cloud.ibm.com:443
DEBUG:urllib3.connectionpool:https://iam.cloud.ibm.com:443 "POST /identity/token HTTP/1.1" 200 1101
DEBUG:urllib3.connectionpool:Starting new HTTPS connection (1): api.eu-gb.tone-analyzer.watson.cloud.ibm.com:443
DEBUG:urllib3.connectionpool:https://api.eu-gb.tone-analyzer.watson.cloud.ibm.com:443 "POST /instances/094eb0dc-d562-4a31-b130-1076bb4493bd/v3/tone?version=2017-09-21 HTTP/1.1" 200 82
DEBUG:urllib3.connectionpool:Starting new HTTPS connection (1): translate.google.com:443
DEBUG:urllib3.connectionpool:https://translate.google.com:443 "GET /m?hl=en&sl=auto&q=I+hope+it+works HTTP/1.1" 200 None
DEBUG:urllib3.connectionpool:Starting new HTTPS connection (1): translate.google.com:443
DEBUG:urllib3.connectionpool:https://translate.google.com:443 "GET /m?sl=auto&q=I+hope+it+works&tl=en HTTP/1.1" 200 None
DEBUG:urllib3.connectionpool:Starting new HTTPS connection (1): iam.cloud.ibm.com:443
DEBUG:urllib3.connectionpool:https://iam.cloud.ibm.com:443 "POST /identity/token HTTP/1.1" 200 1102
DEBUG:urllib3.connectionpool:Starting new HTTPS connection (1): api.eu-gb.tone-analyzer.watson.cloud.ibm.com:443
DEBUG:urllib3.connectionpool:https://api.eu-gb.tone-analyzer.watson.cloud.ibm.com:443 "POST /instances/094eb0dc-d562-4a31-b130-1076bb4493bd/v3/tone?version=2017-09-21 HTTP/1.1" 200 94
DEBUG:urllib3.connectionpool:Starting new HTTPS connection (1): translate.google.com:443
DEBUG:urllib3.connectionpool:https://translate.google.com:443 "GET /m?hl=en&sl=auto&q=It+should+work HTTP/1.1" 200 None
DEBUG:urllib3.connectionpool:Starting new HTTPS connection (1): translate.google.com:443
DEBUG:urllib3.connectionpool:https://translate.google.com:443 "GET /m?sl=auto&q=It+should+work&tl=en HTTP/1.1" 200 None
DEBUG:urllib3.connectionpool:Starting new HTTPS connection (1): iam.cloud.ibm.com:443
DEBUG:urllib3.connectionpool:https://iam.cloud.ibm.com:443 "POST /identity/token HTTP/1.1" 200 1104
DEBUG:urllib3.connectionpool:Starting new HTTPS connection (1): api.eu-gb.tone-analyzer.watson.cloud.ibm.com:443
DEBUG:urllib3.connectionpool:https://api.eu-gb.tone-analyzer.watson.cloud.ibm.com:443 "POST /instances/094eb0dc-d562-4a31-b130-1076bb4493bd/v3/tone?version=2017-09-21 HTTP/1.1" 200 30
ERROR:root:Emotion wasn't found for text: It should work.  Original error: list index out of range
DEBUG:urllib3.connectionpool:Starting new HTTPS connection (1): translate.google.com:443
DEBUG:urllib3.connectionpool:https://translate.google.com:443 "GET /m?hl=en&sl=auto&q=I+love+my+dog HTTP/1.1" 200 None
DEBUG:urllib3.connectionpool:Starting new HTTPS connection (1): translate.google.com:443
DEBUG:urllib3.connectionpool:https://translate.google.com:443 "GET /m?sl=auto&q=I+love+my+dog&tl=en HTTP/1.1" 200 None
DEBUG:urllib3.connectionpool:Starting new HTTPS connection (1): iam.cloud.ibm.com:443
DEBUG:urllib3.connectionpool:https://iam.cloud.ibm.com:443 "POST /identity/token HTTP/1.1" 200 1104
DEBUG:urllib3.connectionpool:Starting new HTTPS connection (1): api.eu-gb.tone-analyzer.watson.cloud.ibm.com:443
DEBUG:urllib3.connectionpool:https://api.eu-gb.tone-analyzer.watson.cloud.ibm.com:443 "POST /instances/094eb0dc-d562-4a31-b130-1076bb4493bd/v3/tone?version=2017-09-21 HTTP/1.1" 200 81
DEBUG:urllib3.connectionpool:Starting new HTTPS connection (1): translate.google.com:443
DEBUG:urllib3.connectionpool:https://translate.google.com:443 "GET /m?hl=en&sl=auto&q=My+dog+is+good HTTP/1.1" 200 None
DEBUG:urllib3.connectionpool:Starting new HTTPS connection (1): translate.google.com:443
DEBUG:urllib3.connectionpool:https://translate.google.com:443 "GET /m?sl=auto&q=My+dog+is+good&tl=en HTTP/1.1" 200 None
DEBUG:urllib3.connectionpool:Starting new HTTPS connection (1): iam.cloud.ibm.com:443
DEBUG:urllib3.connectionpool:https://iam.cloud.ibm.com:443 "POST /identity/token HTTP/1.1" 200 1101
DEBUG:urllib3.connectionpool:Starting new HTTPS connection (1): api.eu-gb.tone-analyzer.watson.cloud.ibm.com:443
DEBUG:urllib3.connectionpool:https://api.eu-gb.tone-analyzer.watson.cloud.ibm.com:443 "POST /instances/094eb0dc-d562-4a31-b130-1076bb4493bd/v3/tone?version=2017-09-21 HTTP/1.1" 200 82
DEBUG:urllib3.connectionpool:Starting new HTTPS connection (1): translate.google.com:443
DEBUG:urllib3.connectionpool:https://translate.google.com:443 "GET /m?hl=en&sl=auto&q=I+hope+it+works HTTP/1.1" 200 None
DEBUG:urllib3.connectionpool:Starting new HTTPS connection (1): translate.google.com:443
DEBUG:urllib3.connectionpool:https://translate.google.com:443 "GET /m?sl=auto&q=I+hope+it+works&tl=en HTTP/1.1" 200 None
DEBUG:urllib3.connectionpool:Starting new HTTPS connection (1): iam.cloud.ibm.com:443
DEBUG:urllib3.connectionpool:https://iam.cloud.ibm.com:443 "POST /identity/token HTTP/1.1" 200 1098
DEBUG:urllib3.connectionpool:Starting new HTTPS connection (1): api.eu-gb.tone-analyzer.watson.cloud.ibm.com:443
DEBUG:urllib3.connectionpool:https://api.eu-gb.tone-analyzer.watson.cloud.ibm.com:443 "POST /instances/094eb0dc-d562-4a31-b130-1076bb4493bd/v3/tone?version=2017-09-21 HTTP/1.1" 200 94
DEBUG:urllib3.connectionpool:Starting new HTTPS connection (1): translate.google.com:443
DEBUG:urllib3.connectionpool:https://translate.google.com:443 "GET /m?hl=en&sl=auto&q=It+should+work HTTP/1.1" 200 None
DEBUG:urllib3.connectionpool:Starting new HTTPS connection (1): translate.google.com:443
DEBUG:urllib3.connectionpool:https://translate.google.com:443 "GET /m?sl=auto&q=It+should+work&tl=en HTTP/1.1" 200 None
DEBUG:urllib3.connectionpool:Starting new HTTPS connection (1): iam.cloud.ibm.com:443
DEBUG:urllib3.connectionpool:https://iam.cloud.ibm.com:443 "POST /identity/token HTTP/1.1" 200 1100
DEBUG:urllib3.connectionpool:Starting new HTTPS connection (1): api.eu-gb.tone-analyzer.watson.cloud.ibm.com:443
DEBUG:urllib3.connectionpool:https://api.eu-gb.tone-analyzer.watson.cloud.ibm.com:443 "POST /instances/094eb0dc-d562-4a31-b130-1076bb4493bd/v3/tone?version=2017-09-21 HTTP/1.1" 200 30
ERROR:root:Emotion wasn't found for text: It should work.  Original error: list index out of range
DEBUG:urllib3.connectionpool:Starting new HTTPS connection (1): translate.google.com:443
DEBUG:urllib3.connectionpool:https://translate.google.com:443 "GET /m?hl=en&sl=auto&q=I+love+my+dog HTTP/1.1" 200 None
DEBUG:urllib3.connectionpool:Starting new HTTPS connection (1): translate.google.com:443
DEBUG:urllib3.connectionpool:https://translate.google.com:443 "GET /m?sl=auto&q=I+love+my+dog&tl=en HTTP/1.1" 200 None
DEBUG:urllib3.connectionpool:Starting new HTTPS connection (1): iam.cloud.ibm.com:443
DEBUG:urllib3.connectionpool:https://iam.cloud.ibm.com:443 "POST /identity/token HTTP/1.1" 200 1100
DEBUG:urllib3.connectionpool:Starting new HTTPS connection (1): api.eu-gb.tone-analyzer.watson.cloud.ibm.com:443
DEBUG:urllib3.connectionpool:https://api.eu-gb.tone-analyzer.watson.cloud.ibm.com:443 "POST /instances/094eb0dc-d562-4a31-b130-1076bb4493bd/v3/tone?version=2017-09-21 HTTP/1.1" 200 81
DEBUG:urllib3.connectionpool:Starting new HTTPS connection (1): translate.google.com:443
DEBUG:urllib3.connectionpool:https://translate.google.com:443 "GET /m?hl=en&sl=auto&q=My+dog+is+good HTTP/1.1" 200 None
DEBUG:urllib3.connectionpool:Starting new HTTPS connection (1): translate.google.com:443
DEBUG:urllib3.connectionpool:https://translate.google.com:443 "GET /m?sl=auto&q=My+dog+is+good&tl=en HTTP/1.1" 200 None
DEBUG:urllib3.connectionpool:Starting new HTTPS connection (1): iam.cloud.ibm.com:443
DEBUG:urllib3.connectionpool:https://iam.cloud.ibm.com:443 "POST /identity/token HTTP/1.1" 200 1102
DEBUG:urllib3.connectionpool:Starting new HTTPS connection (1): api.eu-gb.tone-analyzer.watson.cloud.ibm.com:443
DEBUG:urllib3.connectionpool:https://api.eu-gb.tone-analyzer.watson.cloud.ibm.com:443 "POST /instances/094eb0dc-d562-4a31-b130-1076bb4493bd/v3/tone?version=2017-09-21 HTTP/1.1" 200 82
DEBUG:urllib3.connectionpool:Starting new HTTPS connection (1): translate.google.com:443
DEBUG:urllib3.connectionpool:https://translate.google.com:443 "GET /m?hl=en&sl=auto&q=I+hope+it+works HTTP/1.1" 200 None
DEBUG:urllib3.connectionpool:Starting new HTTPS connection (1): translate.google.com:443
DEBUG:urllib3.connectionpool:https://translate.google.com:443 "GET /m?sl=auto&q=I+hope+it+works&tl=en HTTP/1.1" 200 None
DEBUG:urllib3.connectionpool:Starting new HTTPS connection (1): iam.cloud.ibm.com:443
DEBUG:urllib3.connectionpool:https://iam.cloud.ibm.com:443 "POST /identity/token HTTP/1.1" 200 1099
DEBUG:urllib3.connectionpool:Starting new HTTPS connection (1): api.eu-gb.tone-analyzer.watson.cloud.ibm.com:443
DEBUG:urllib3.connectionpool:https://api.eu-gb.tone-analyzer.watson.cloud.ibm.com:443 "POST /instances/094eb0dc-d562-4a31-b130-1076bb4493bd/v3/tone?version=2017-09-21 HTTP/1.1" 200 94
DEBUG:urllib3.connectionpool:Starting new HTTPS connection (1): translate.google.com:443
DEBUG:urllib3.connectionpool:https://translate.google.com:443 "GET /m?hl=en&sl=auto&q=It+should+work HTTP/1.1" 200 None
DEBUG:urllib3.connectionpool:Starting new HTTPS connection (1): translate.google.com:443
DEBUG:urllib3.connectionpool:https://translate.google.com:443 "GET /m?sl=auto&q=It+should+work&tl=en HTTP/1.1" 200 None
DEBUG:urllib3.connectionpool:Starting new HTTPS connection (1): iam.cloud.ibm.com:443
DEBUG:urllib3.connectionpool:https://iam.cloud.ibm.com:443 "POST /identity/token HTTP/1.1" 200 1102
DEBUG:urllib3.connectionpool:Starting new HTTPS connection (1): api.eu-gb.tone-analyzer.watson.cloud.ibm.com:443
DEBUG:urllib3.connectionpool:https://api.eu-gb.tone-analyzer.watson.cloud.ibm.com:443 "POST /instances/094eb0dc-d562-4a31-b130-1076bb4493bd/v3/tone?version=2017-09-21 HTTP/1.1" 200 30
ERROR:root:Emotion wasn't found for text: It should work.  Original error: list index out of range
DEBUG:urllib3.connectionpool:Starting new HTTPS connection (1): translate.google.com:443
DEBUG:urllib3.connectionpool:https://translate.google.com:443 "GET /m?hl=en&sl=auto&q=I+love+my+dog HTTP/1.1" 200 None
DEBUG:urllib3.connectionpool:Starting new HTTPS connection (1): translate.google.com:443
DEBUG:urllib3.connectionpool:https://translate.google.com:443 "GET /m?sl=auto&q=I+love+my+dog&tl=en HTTP/1.1" 200 None
DEBUG:urllib3.connectionpool:Starting new HTTPS connection (1): iam.cloud.ibm.com:443
DEBUG:urllib3.connectionpool:https://iam.cloud.ibm.com:443 "POST /identity/token HTTP/1.1" 200 1102
DEBUG:urllib3.connectionpool:Starting new HTTPS connection (1): api.eu-gb.tone-analyzer.watson.cloud.ibm.com:443
DEBUG:urllib3.connectionpool:https://api.eu-gb.tone-analyzer.watson.cloud.ibm.com:443 "POST /instances/094eb0dc-d562-4a31-b130-1076bb4493bd/v3/tone?version=2017-09-21 HTTP/1.1" 200 81
DEBUG:urllib3.connectionpool:Starting new HTTPS connection (1): translate.google.com:443
DEBUG:urllib3.connectionpool:https://translate.google.com:443 "GET /m?hl=en&sl=auto&q=My+dog+is+good HTTP/1.1" 200 None
DEBUG:urllib3.connectionpool:Starting new HTTPS connection (1): translate.google.com:443
DEBUG:urllib3.connectionpool:https://translate.google.com:443 "GET /m?sl=auto&q=My+dog+is+good&tl=en HTTP/1.1" 200 None
DEBUG:urllib3.connectionpool:Starting new HTTPS connection (1): iam.cloud.ibm.com:443
DEBUG:urllib3.connectionpool:https://iam.cloud.ibm.com:443 "POST /identity/token HTTP/1.1" 200 1101
DEBUG:urllib3.connectionpool:Starting new HTTPS connection (1): api.eu-gb.tone-analyzer.watson.cloud.ibm.com:443
DEBUG:urllib3.connectionpool:https://api.eu-gb.tone-analyzer.watson.cloud.ibm.com:443 "POST /instances/094eb0dc-d562-4a31-b130-1076bb4493bd/v3/tone?version=2017-09-21 HTTP/1.1" 200 82
DEBUG:urllib3.connectionpool:Starting new HTTPS connection (1): translate.google.com:443
DEBUG:urllib3.connectionpool:https://translate.google.com:443 "GET /m?hl=en&sl=auto&q=I+hope+it+works HTTP/1.1" 200 None
DEBUG:urllib3.connectionpool:Starting new HTTPS connection (1): translate.google.com:443
DEBUG:urllib3.connectionpool:https://translate.google.com:443 "GET /m?sl=auto&q=I+hope+it+works&tl=en HTTP/1.1" 200 None
DEBUG:urllib3.connectionpool:Starting new HTTPS connection (1): iam.cloud.ibm.com:443
DEBUG:urllib3.connectionpool:https://iam.cloud.ibm.com:443 "POST /identity/token HTTP/1.1" 200 1104
DEBUG:urllib3.connectionpool:Starting new HTTPS connection (1): api.eu-gb.tone-analyzer.watson.cloud.ibm.com:443
DEBUG:urllib3.connectionpool:https://api.eu-gb.tone-analyzer.watson.cloud.ibm.com:443 "POST /instances/094eb0dc-d562-4a31-b130-1076bb4493bd/v3/tone?version=2017-09-21 HTTP/1.1" 200 94
DEBUG:urllib3.connectionpool:Starting new HTTPS connection (1): translate.google.com:443
DEBUG:urllib3.connectionpool:https://translate.google.com:443 "GET /m?hl=en&sl=auto&q=It+should+work HTTP/1.1" 200 None
DEBUG:urllib3.connectionpool:Starting new HTTPS connection (1): translate.google.com:443
DEBUG:urllib3.connectionpool:https://translate.google.com:443 "GET /m?sl=auto&q=It+should+work&tl=en HTTP/1.1" 200 None
DEBUG:urllib3.connectionpool:Starting new HTTPS connection (1): iam.cloud.ibm.com:443
DEBUG:urllib3.connectionpool:https://iam.cloud.ibm.com:443 "POST /identity/token HTTP/1.1" 200 1101
DEBUG:urllib3.connectionpool:Starting new HTTPS connection (1): api.eu-gb.tone-analyzer.watson.cloud.ibm.com:443
DEBUG:urllib3.connectionpool:https://api.eu-gb.tone-analyzer.watson.cloud.ibm.com:443 "POST /instances/094eb0dc-d562-4a31-b130-1076bb4493bd/v3/tone?version=2017-09-21 HTTP/1.1" 200 30
ERROR:root:Emotion wasn't found for text: It should work.  Original error: list index out of range
DEBUG:urllib3.connectionpool:Starting new HTTPS connection (1): translate.google.com:443
DEBUG:urllib3.connectionpool:https://translate.google.com:443 "GET /m?hl=en&sl=auto&q=I+love+my+dog HTTP/1.1" 200 None
DEBUG:urllib3.connectionpool:Starting new HTTPS connection (1): translate.google.com:443
DEBUG:urllib3.connectionpool:https://translate.google.com:443 "GET /m?sl=auto&q=I+love+my+dog&tl=en HTTP/1.1" 200 None
DEBUG:urllib3.connectionpool:Starting new HTTPS connection (1): iam.cloud.ibm.com:443
DEBUG:urllib3.connectionpool:https://iam.cloud.ibm.com:443 "POST /identity/token HTTP/1.1" 200 1103
DEBUG:urllib3.connectionpool:Starting new HTTPS connection (1): api.eu-gb.tone-analyzer.watson.cloud.ibm.com:443
DEBUG:urllib3.connectionpool:https://api.eu-gb.tone-analyzer.watson.cloud.ibm.com:443 "POST /instances/094eb0dc-d562-4a31-b130-1076bb4493bd/v3/tone?version=2017-09-21 HTTP/1.1" 200 81
DEBUG:urllib3.connectionpool:Starting new HTTPS connection (1): translate.google.com:443
DEBUG:urllib3.connectionpool:https://translate.google.com:443 "GET /m?hl=en&sl=auto&q=My+dog+is+good HTTP/1.1" 200 None
DEBUG:urllib3.connectionpool:Starting new HTTPS connection (1): translate.google.com:443
DEBUG:urllib3.connectionpool:https://translate.google.com:443 "GET /m?sl=auto&q=My+dog+is+good&tl=en HTTP/1.1" 200 None
DEBUG:urllib3.connectionpool:Starting new HTTPS connection (1): iam.cloud.ibm.com:443
DEBUG:urllib3.connectionpool:https://iam.cloud.ibm.com:443 "POST /identity/token HTTP/1.1" 200 1101
DEBUG:urllib3.connectionpool:Starting new HTTPS connection (1): api.eu-gb.tone-analyzer.watson.cloud.ibm.com:443
DEBUG:urllib3.connectionpool:https://api.eu-gb.tone-analyzer.watson.cloud.ibm.com:443 "POST /instances/094eb0dc-d562-4a31-b130-1076bb4493bd/v3/tone?version=2017-09-21 HTTP/1.1" 200 82
DEBUG:urllib3.connectionpool:Starting new HTTPS connection (1): translate.google.com:443
DEBUG:urllib3.connectionpool:https://translate.google.com:443 "GET /m?hl=en&sl=auto&q=I+hope+it+works HTTP/1.1" 200 None
DEBUG:urllib3.connectionpool:Starting new HTTPS connection (1): translate.google.com:443
DEBUG:urllib3.connectionpool:https://translate.google.com:443 "GET /m?sl=auto&q=I+hope+it+works&tl=en HTTP/1.1" 200 None
DEBUG:urllib3.connectionpool:Starting new HTTPS connection (1): iam.cloud.ibm.com:443
DEBUG:urllib3.connectionpool:https://iam.cloud.ibm.com:443 "POST /identity/token HTTP/1.1" 200 1099
DEBUG:urllib3.connectionpool:Starting new HTTPS connection (1): api.eu-gb.tone-analyzer.watson.cloud.ibm.com:443
DEBUG:urllib3.connectionpool:https://api.eu-gb.tone-analyzer.watson.cloud.ibm.com:443 "POST /instances/094eb0dc-d562-4a31-b130-1076bb4493bd/v3/tone?version=2017-09-21 HTTP/1.1" 200 94
DEBUG:urllib3.connectionpool:Starting new HTTPS connection (1): translate.google.com:443
DEBUG:urllib3.connectionpool:https://translate.google.com:443 "GET /m?hl=en&sl=auto&q=It+should+work HTTP/1.1" 200 None
DEBUG:urllib3.connectionpool:Starting new HTTPS connection (1): translate.google.com:443
DEBUG:urllib3.connectionpool:https://translate.google.com:443 "GET /m?sl=auto&q=It+should+work&tl=en HTTP/1.1" 200 None
DEBUG:urllib3.connectionpool:Starting new HTTPS connection (1): iam.cloud.ibm.com:443
DEBUG:urllib3.connectionpool:https://iam.cloud.ibm.com:443 "POST /identity/token HTTP/1.1" 200 1102
DEBUG:urllib3.connectionpool:Starting new HTTPS connection (1): api.eu-gb.tone-analyzer.watson.cloud.ibm.com:443
DEBUG:urllib3.connectionpool:https://api.eu-gb.tone-analyzer.watson.cloud.ibm.com:443 "POST /instances/094eb0dc-d562-4a31-b130-1076bb4493bd/v3/tone?version=2017-09-21 HTTP/1.1" 200 30
ERROR:root:Emotion wasn't found for text: It should work.  Original error: list index out of range
DEBUG:urllib3.connectionpool:Starting new HTTPS connection (1): translate.google.com:443
DEBUG:urllib3.connectionpool:https://translate.google.com:443 "GET /m?hl=en&sl=auto&q=I+love+my+dog HTTP/1.1" 200 None
DEBUG:urllib3.connectionpool:Starting new HTTPS connection (1): translate.google.com:443
DEBUG:urllib3.connectionpool:https://translate.google.com:443 "GET /m?sl=auto&q=I+love+my+dog&tl=en HTTP/1.1" 200 None
DEBUG:urllib3.connectionpool:Starting new HTTPS connection (1): iam.cloud.ibm.com:443
DEBUG:urllib3.connectionpool:https://iam.cloud.ibm.com:443 "POST /identity/token HTTP/1.1" 200 1097
DEBUG:urllib3.connectionpool:Starting new HTTPS connection (1): api.eu-gb.tone-analyzer.watson.cloud.ibm.com:443
DEBUG:urllib3.connectionpool:https://api.eu-gb.tone-analyzer.watson.cloud.ibm.com:443 "POST /instances/094eb0dc-d562-4a31-b130-1076bb4493bd/v3/tone?version=2017-09-21 HTTP/1.1" 200 81
DEBUG:urllib3.connectionpool:Starting new HTTPS connection (1): translate.google.com:443
DEBUG:urllib3.connectionpool:https://translate.google.com:443 "GET /m?hl=en&sl=auto&q=My+dog+is+good HTTP/1.1" 200 None
DEBUG:urllib3.connectionpool:Starting new HTTPS connection (1): translate.google.com:443
DEBUG:urllib3.connectionpool:https://translate.google.com:443 "GET /m?sl=auto&q=My+dog+is+good&tl=en HTTP/1.1" 200 None
DEBUG:urllib3.connectionpool:Starting new HTTPS connection (1): iam.cloud.ibm.com:443
DEBUG:urllib3.connectionpool:https://iam.cloud.ibm.com:443 "POST /identity/token HTTP/1.1" 200 1102
DEBUG:urllib3.connectionpool:Starting new HTTPS connection (1): api.eu-gb.tone-analyzer.watson.cloud.ibm.com:443
DEBUG:urllib3.connectionpool:https://api.eu-gb.tone-analyzer.watson.cloud.ibm.com:443 "POST /instances/094eb0dc-d562-4a31-b130-1076bb4493bd/v3/tone?version=2017-09-21 HTTP/1.1" 200 82
DEBUG:urllib3.connectionpool:Starting new HTTPS connection (1): translate.google.com:443
DEBUG:urllib3.connectionpool:https://translate.google.com:443 "GET /m?hl=en&sl=auto&q=I+hope+it+works HTTP/1.1" 200 None
DEBUG:urllib3.connectionpool:Starting new HTTPS connection (1): translate.google.com:443
DEBUG:urllib3.connectionpool:https://translate.google.com:443 "GET /m?sl=auto&q=I+hope+it+works&tl=en HTTP/1.1" 200 None
DEBUG:urllib3.connectionpool:Starting new HTTPS connection (1): iam.cloud.ibm.com:443
DEBUG:urllib3.connectionpool:https://iam.cloud.ibm.com:443 "POST /identity/token HTTP/1.1" 200 1102
DEBUG:urllib3.connectionpool:Starting new HTTPS connection (1): api.eu-gb.tone-analyzer.watson.cloud.ibm.com:443
DEBUG:urllib3.connectionpool:https://api.eu-gb.tone-analyzer.watson.cloud.ibm.com:443 "POST /instances/094eb0dc-d562-4a31-b130-1076bb4493bd/v3/tone?version=2017-09-21 HTTP/1.1" 200 94
DEBUG:urllib3.connectionpool:Starting new HTTPS connection (1): translate.google.com:443
DEBUG:urllib3.connectionpool:https://translate.google.com:443 "GET /m?hl=en&sl=auto&q=It+should+work HTTP/1.1" 200 None
DEBUG:urllib3.connectionpool:Starting new HTTPS connection (1): translate.google.com:443
DEBUG:urllib3.connectionpool:https://translate.google.com:443 "GET /m?sl=auto&q=It+should+work&tl=en HTTP/1.1" 200 None
DEBUG:urllib3.connectionpool:Starting new HTTPS connection (1): iam.cloud.ibm.com:443
DEBUG:urllib3.connectionpool:https://iam.cloud.ibm.com:443 "POST /identity/token HTTP/1.1" 200 1103
DEBUG:urllib3.connectionpool:Starting new HTTPS connection (1): api.eu-gb.tone-analyzer.watson.cloud.ibm.com:443
DEBUG:urllib3.connectionpool:https://api.eu-gb.tone-analyzer.watson.cloud.ibm.com:443 "POST /instances/094eb0dc-d562-4a31-b130-1076bb4493bd/v3/tone?version=2017-09-21 HTTP/1.1" 200 30
ERROR:root:Emotion wasn't found for text: It should work.  Original error: list index out of range
DEBUG:urllib3.connectionpool:Starting new HTTPS connection (1): translate.google.com:443
DEBUG:urllib3.connectionpool:https://translate.google.com:443 "GET /m?hl=en&sl=auto&q=I+love+my+dog HTTP/1.1" 200 None
DEBUG:urllib3.connectionpool:Starting new HTTPS connection (1): translate.google.com:443
DEBUG:urllib3.connectionpool:https://translate.google.com:443 "GET /m?sl=auto&q=I+love+my+dog&tl=en HTTP/1.1" 200 None
DEBUG:urllib3.connectionpool:Starting new HTTPS connection (1): iam.cloud.ibm.com:443
DEBUG:urllib3.connectionpool:https://iam.cloud.ibm.com:443 "POST /identity/token HTTP/1.1" 200 1102
DEBUG:urllib3.connectionpool:Starting new HTTPS connection (1): api.eu-gb.tone-analyzer.watson.cloud.ibm.com:443
DEBUG:urllib3.connectionpool:https://api.eu-gb.tone-analyzer.watson.cloud.ibm.com:443 "POST /instances/094eb0dc-d562-4a31-b130-1076bb4493bd/v3/tone?version=2017-09-21 HTTP/1.1" 200 81
DEBUG:urllib3.connectionpool:Starting new HTTPS connection (1): translate.google.com:443
DEBUG:urllib3.connectionpool:https://translate.google.com:443 "GET /m?hl=en&sl=auto&q=My+dog+is+good HTTP/1.1" 200 None
DEBUG:urllib3.connectionpool:Starting new HTTPS connection (1): translate.google.com:443
DEBUG:urllib3.connectionpool:https://translate.google.com:443 "GET /m?sl=auto&q=My+dog+is+good&tl=en HTTP/1.1" 200 None
DEBUG:urllib3.connectionpool:Starting new HTTPS connection (1): iam.cloud.ibm.com:443
DEBUG:urllib3.connectionpool:https://iam.cloud.ibm.com:443 "POST /identity/token HTTP/1.1" 200 1100
DEBUG:urllib3.connectionpool:Starting new HTTPS connection (1): api.eu-gb.tone-analyzer.watson.cloud.ibm.com:443
DEBUG:urllib3.connectionpool:https://api.eu-gb.tone-analyzer.watson.cloud.ibm.com:443 "POST /instances/094eb0dc-d562-4a31-b130-1076bb4493bd/v3/tone?version=2017-09-21 HTTP/1.1" 200 82
DEBUG:urllib3.connectionpool:Starting new HTTPS connection (1): translate.google.com:443
DEBUG:urllib3.connectionpool:https://translate.google.com:443 "GET /m?hl=en&sl=auto&q=I+hope+it+works HTTP/1.1" 200 None
DEBUG:urllib3.connectionpool:Starting new HTTPS connection (1): translate.google.com:443
DEBUG:urllib3.connectionpool:https://translate.google.com:443 "GET /m?sl=auto&q=I+hope+it+works&tl=en HTTP/1.1" 200 None
DEBUG:urllib3.connectionpool:Starting new HTTPS connection (1): iam.cloud.ibm.com:443
DEBUG:urllib3.connectionpool:https://iam.cloud.ibm.com:443 "POST /identity/token HTTP/1.1" 200 1101
DEBUG:urllib3.connectionpool:Starting new HTTPS connection (1): api.eu-gb.tone-analyzer.watson.cloud.ibm.com:443
DEBUG:urllib3.connectionpool:https://api.eu-gb.tone-analyzer.watson.cloud.ibm.com:443 "POST /instances/094eb0dc-d562-4a31-b130-1076bb4493bd/v3/tone?version=2017-09-21 HTTP/1.1" 200 94
DEBUG:urllib3.connectionpool:Starting new HTTPS connection (1): translate.google.com:443
DEBUG:urllib3.connectionpool:https://translate.google.com:443 "GET /m?hl=en&sl=auto&q=It+should+work HTTP/1.1" 200 None
DEBUG:urllib3.connectionpool:Starting new HTTPS connection (1): translate.google.com:443
DEBUG:urllib3.connectionpool:https://translate.google.com:443 "GET /m?sl=auto&q=It+should+work&tl=en HTTP/1.1" 200 None
DEBUG:urllib3.connectionpool:Starting new HTTPS connection (1): iam.cloud.ibm.com:443
DEBUG:urllib3.connectionpool:https://iam.cloud.ibm.com:443 "POST /identity/token HTTP/1.1" 200 1102
DEBUG:urllib3.connectionpool:Starting new HTTPS connection (1): api.eu-gb.tone-analyzer.watson.cloud.ibm.com:443
DEBUG:urllib3.connectionpool:https://api.eu-gb.tone-analyzer.watson.cloud.ibm.com:443 "POST /instances/094eb0dc-d562-4a31-b130-1076bb4493bd/v3/tone?version=2017-09-21 HTTP/1.1" 200 30
ERROR:root:Emotion wasn't found for text: It should work.  Original error: list index out of range
DEBUG:urllib3.connectionpool:Starting new HTTPS connection (1): translate.google.com:443
DEBUG:urllib3.connectionpool:https://translate.google.com:443 "GET /m?hl=en&sl=auto&q=I+love+my+dog HTTP/1.1" 200 None
DEBUG:urllib3.connectionpool:Starting new HTTPS connection (1): translate.google.com:443
DEBUG:urllib3.connectionpool:https://translate.google.com:443 "GET /m?sl=auto&q=I+love+my+dog&tl=en HTTP/1.1" 200 None
DEBUG:urllib3.connectionpool:Starting new HTTPS connection (1): iam.cloud.ibm.com:443
DEBUG:urllib3.connectionpool:https://iam.cloud.ibm.com:443 "POST /identity/token HTTP/1.1" 200 1097
DEBUG:urllib3.connectionpool:Starting new HTTPS connection (1): api.eu-gb.tone-analyzer.watson.cloud.ibm.com:443
DEBUG:urllib3.connectionpool:https://api.eu-gb.tone-analyzer.watson.cloud.ibm.com:443 "POST /instances/094eb0dc-d562-4a31-b130-1076bb4493bd/v3/tone?version=2017-09-21 HTTP/1.1" 200 81
DEBUG:urllib3.connectionpool:Starting new HTTPS connection (1): translate.google.com:443
DEBUG:urllib3.connectionpool:https://translate.google.com:443 "GET /m?hl=en&sl=auto&q=My+dog+is+good HTTP/1.1" 200 None
DEBUG:urllib3.connectionpool:Starting new HTTPS connection (1): translate.google.com:443
DEBUG:urllib3.connectionpool:https://translate.google.com:443 "GET /m?sl=auto&q=My+dog+is+good&tl=en HTTP/1.1" 200 None
DEBUG:urllib3.connectionpool:Starting new HTTPS connection (1): iam.cloud.ibm.com:443
DEBUG:urllib3.connectionpool:https://iam.cloud.ibm.com:443 "POST /identity/token HTTP/1.1" 200 1100
DEBUG:urllib3.connectionpool:Starting new HTTPS connection (1): api.eu-gb.tone-analyzer.watson.cloud.ibm.com:443
DEBUG:urllib3.connectionpool:https://api.eu-gb.tone-analyzer.watson.cloud.ibm.com:443 "POST /instances/094eb0dc-d562-4a31-b130-1076bb4493bd/v3/tone?version=2017-09-21 HTTP/1.1" 200 82
DEBUG:urllib3.connectionpool:Starting new HTTPS connection (1): translate.google.com:443
DEBUG:urllib3.connectionpool:https://translate.google.com:443 "GET /m?hl=en&sl=auto&q=I+hope+it+works HTTP/1.1" 200 None
DEBUG:urllib3.connectionpool:Starting new HTTPS connection (1): translate.google.com:443
DEBUG:urllib3.connectionpool:https://translate.google.com:443 "GET /m?sl=auto&q=I+hope+it+works&tl=en HTTP/1.1" 200 None
DEBUG:urllib3.connectionpool:Starting new HTTPS connection (1): iam.cloud.ibm.com:443
DEBUG:urllib3.connectionpool:https://iam.cloud.ibm.com:443 "POST /identity/token HTTP/1.1" 200 1100
DEBUG:urllib3.connectionpool:Starting new HTTPS connection (1): api.eu-gb.tone-analyzer.watson.cloud.ibm.com:443
DEBUG:urllib3.connectionpool:https://api.eu-gb.tone-analyzer.watson.cloud.ibm.com:443 "POST /instances/094eb0dc-d562-4a31-b130-1076bb4493bd/v3/tone?version=2017-09-21 HTTP/1.1" 200 94
DEBUG:urllib3.connectionpool:Starting new HTTPS connection (1): translate.google.com:443
DEBUG:urllib3.connectionpool:https://translate.google.com:443 "GET /m?hl=en&sl=auto&q=It+should+work HTTP/1.1" 200 None
DEBUG:urllib3.connectionpool:Starting new HTTPS connection (1): translate.google.com:443
DEBUG:urllib3.connectionpool:https://translate.google.com:443 "GET /m?sl=auto&q=It+should+work&tl=en HTTP/1.1" 200 None
DEBUG:urllib3.connectionpool:Starting new HTTPS connection (1): iam.cloud.ibm.com:443
DEBUG:urllib3.connectionpool:https://iam.cloud.ibm.com:443 "POST /identity/token HTTP/1.1" 200 1098
DEBUG:urllib3.connectionpool:Starting new HTTPS connection (1): api.eu-gb.tone-analyzer.watson.cloud.ibm.com:443
DEBUG:urllib3.connectionpool:https://api.eu-gb.tone-analyzer.watson.cloud.ibm.com:443 "POST /instances/094eb0dc-d562-4a31-b130-1076bb4493bd/v3/tone?version=2017-09-21 HTTP/1.1" 200 30
ERROR:root:Emotion wasn't found for text: It should work.  Original error: list index out of range
DEBUG:urllib3.connectionpool:Starting new HTTPS connection (1): translate.google.com:443
DEBUG:urllib3.connectionpool:https://translate.google.com:443 "GET /m?hl=en&sl=auto&q=I+love+my+dog HTTP/1.1" 200 None
DEBUG:urllib3.connectionpool:Starting new HTTPS connection (1): translate.google.com:443
DEBUG:urllib3.connectionpool:https://translate.google.com:443 "GET /m?sl=auto&q=I+love+my+dog&tl=en HTTP/1.1" 200 None
DEBUG:urllib3.connectionpool:Starting new HTTPS connection (1): iam.cloud.ibm.com:443
DEBUG:urllib3.connectionpool:https://iam.cloud.ibm.com:443 "POST /identity/token HTTP/1.1" 200 1100
DEBUG:urllib3.connectionpool:Starting new HTTPS connection (1): api.eu-gb.tone-analyzer.watson.cloud.ibm.com:443
DEBUG:urllib3.connectionpool:https://api.eu-gb.tone-analyzer.watson.cloud.ibm.com:443 "POST /instances/094eb0dc-d562-4a31-b130-1076bb4493bd/v3/tone?version=2017-09-21 HTTP/1.1" 200 81
DEBUG:urllib3.connectionpool:Starting new HTTPS connection (1): translate.google.com:443
DEBUG:urllib3.connectionpool:https://translate.google.com:443 "GET /m?hl=en&sl=auto&q=I+love+my+dog HTTP/1.1" 200 None
DEBUG:urllib3.connectionpool:Starting new HTTPS connection (1): translate.google.com:443
DEBUG:urllib3.connectionpool:https://translate.google.com:443 "GET /m?sl=auto&q=I+love+my+dog&tl=en HTTP/1.1" 200 None
DEBUG:urllib3.connectionpool:Starting new HTTPS connection (1): iam.cloud.ibm.com:443
DEBUG:urllib3.connectionpool:https://iam.cloud.ibm.com:443 "POST /identity/token HTTP/1.1" 200 1104
DEBUG:urllib3.connectionpool:Starting new HTTPS connection (1): api.eu-gb.tone-analyzer.watson.cloud.ibm.com:443
DEBUG:urllib3.connectionpool:https://api.eu-gb.tone-analyzer.watson.cloud.ibm.com:443 "POST /instances/094eb0dc-d562-4a31-b130-1076bb4493bd/v3/tone?version=2017-09-21 HTTP/1.1" 200 81
DEBUG:urllib3.connectionpool:Starting new HTTPS connection (1): translate.google.com:443
DEBUG:urllib3.connectionpool:https://translate.google.com:443 "GET /m?hl=en&sl=auto&q=My+dog+is+good HTTP/1.1" 200 None
DEBUG:urllib3.connectionpool:Starting new HTTPS connection (1): translate.google.com:443
DEBUG:urllib3.connectionpool:https://translate.google.com:443 "GET /m?sl=auto&q=My+dog+is+good&tl=en HTTP/1.1" 200 None
DEBUG:urllib3.connectionpool:Starting new HTTPS connection (1): iam.cloud.ibm.com:443
DEBUG:urllib3.connectionpool:https://iam.cloud.ibm.com:443 "POST /identity/token HTTP/1.1" 200 1099
DEBUG:urllib3.connectionpool:Starting new HTTPS connection (1): api.eu-gb.tone-analyzer.watson.cloud.ibm.com:443
DEBUG:urllib3.connectionpool:https://api.eu-gb.tone-analyzer.watson.cloud.ibm.com:443 "POST /instances/094eb0dc-d562-4a31-b130-1076bb4493bd/v3/tone?version=2017-09-21 HTTP/1.1" 200 82
DEBUG:urllib3.connectionpool:Starting new HTTPS connection (1): translate.google.com:443
DEBUG:urllib3.connectionpool:https://translate.google.com:443 "GET /m?hl=en&sl=auto&q=I+hope+it+works HTTP/1.1" 200 None
DEBUG:urllib3.connectionpool:Starting new HTTPS connection (1): translate.google.com:443
DEBUG:urllib3.connectionpool:https://translate.google.com:443 "GET /m?sl=auto&q=I+hope+it+works&tl=en HTTP/1.1" 200 None
DEBUG:urllib3.connectionpool:Starting new HTTPS connection (1): iam.cloud.ibm.com:443
DEBUG:urllib3.connectionpool:https://iam.cloud.ibm.com:443 "POST /identity/token HTTP/1.1" 200 1099
DEBUG:urllib3.connectionpool:Starting new HTTPS connection (1): api.eu-gb.tone-analyzer.watson.cloud.ibm.com:443
DEBUG:urllib3.connectionpool:https://api.eu-gb.tone-analyzer.watson.cloud.ibm.com:443 "POST /instances/094eb0dc-d562-4a31-b130-1076bb4493bd/v3/tone?version=2017-09-21 HTTP/1.1" 200 94
DEBUG:urllib3.connectionpool:Starting new HTTPS connection (1): translate.google.com:443
DEBUG:urllib3.connectionpool:https://translate.google.com:443 "GET /m?hl=en&sl=auto&q=It+should+work HTTP/1.1" 200 None
DEBUG:urllib3.connectionpool:Starting new HTTPS connection (1): translate.google.com:443
DEBUG:urllib3.connectionpool:https://translate.google.com:443 "GET /m?sl=auto&q=It+should+work&tl=en HTTP/1.1" 200 None
DEBUG:urllib3.connectionpool:Starting new HTTPS connection (1): iam.cloud.ibm.com:443
DEBUG:urllib3.connectionpool:https://iam.cloud.ibm.com:443 "POST /identity/token HTTP/1.1" 200 1101
DEBUG:urllib3.connectionpool:Starting new HTTPS connection (1): api.eu-gb.tone-analyzer.watson.cloud.ibm.com:443
DEBUG:urllib3.connectionpool:https://api.eu-gb.tone-analyzer.watson.cloud.ibm.com:443 "POST /instances/094eb0dc-d562-4a31-b130-1076bb4493bd/v3/tone?version=2017-09-21 HTTP/1.1" 200 30
ERROR:root:Emotion wasn't found for text: It should work.  Original error: list index out of range
DEBUG:urllib3.connectionpool:Starting new HTTPS connection (1): translate.google.com:443
DEBUG:urllib3.connectionpool:https://translate.google.com:443 "GET /m?hl=en&sl=auto&q=I+love+my+dog HTTP/1.1" 200 None
DEBUG:urllib3.connectionpool:Starting new HTTPS connection (1): translate.google.com:443
DEBUG:urllib3.connectionpool:https://translate.google.com:443 "GET /m?sl=auto&q=I+love+my+dog&tl=en HTTP/1.1" 200 None
DEBUG:urllib3.connectionpool:Starting new HTTPS connection (1): iam.cloud.ibm.com:443
DEBUG:urllib3.connectionpool:https://iam.cloud.ibm.com:443 "POST /identity/token HTTP/1.1" 200 1103
DEBUG:urllib3.connectionpool:Starting new HTTPS connection (1): api.eu-gb.tone-analyzer.watson.cloud.ibm.com:443
DEBUG:urllib3.connectionpool:https://api.eu-gb.tone-analyzer.watson.cloud.ibm.com:443 "POST /instances/094eb0dc-d562-4a31-b130-1076bb4493bd/v3/tone?version=2017-09-21 HTTP/1.1" 200 81
DEBUG:urllib3.connectionpool:Starting new HTTPS connection (1): translate.google.com:443
DEBUG:urllib3.connectionpool:https://translate.google.com:443 "GET /m?hl=en&sl=auto&q=My+dog+is+good HTTP/1.1" 200 None
DEBUG:urllib3.connectionpool:Starting new HTTPS connection (1): translate.google.com:443
DEBUG:urllib3.connectionpool:https://translate.google.com:443 "GET /m?sl=auto&q=My+dog+is+good&tl=en HTTP/1.1" 200 None
DEBUG:urllib3.connectionpool:Starting new HTTPS connection (1): iam.cloud.ibm.com:443
DEBUG:urllib3.connectionpool:https://iam.cloud.ibm.com:443 "POST /identity/token HTTP/1.1" 200 1096
DEBUG:urllib3.connectionpool:Starting new HTTPS connection (1): api.eu-gb.tone-analyzer.watson.cloud.ibm.com:443
DEBUG:urllib3.connectionpool:https://api.eu-gb.tone-analyzer.watson.cloud.ibm.com:443 "POST /instances/094eb0dc-d562-4a31-b130-1076bb4493bd/v3/tone?version=2017-09-21 HTTP/1.1" 200 82
DEBUG:urllib3.connectionpool:Starting new HTTPS connection (1): translate.google.com:443
DEBUG:urllib3.connectionpool:https://translate.google.com:443 "GET /m?hl=en&sl=auto&q=I+hope+it+works HTTP/1.1" 200 None
DEBUG:urllib3.connectionpool:Starting new HTTPS connection (1): translate.google.com:443
DEBUG:urllib3.connectionpool:https://translate.google.com:443 "GET /m?sl=auto&q=I+hope+it+works&tl=en HTTP/1.1" 200 None
DEBUG:urllib3.connectionpool:Starting new HTTPS connection (1): iam.cloud.ibm.com:443
DEBUG:urllib3.connectionpool:https://iam.cloud.ibm.com:443 "POST /identity/token HTTP/1.1" 200 1095
DEBUG:urllib3.connectionpool:Starting new HTTPS connection (1): api.eu-gb.tone-analyzer.watson.cloud.ibm.com:443
DEBUG:urllib3.connectionpool:https://api.eu-gb.tone-analyzer.watson.cloud.ibm.com:443 "POST /instances/094eb0dc-d562-4a31-b130-1076bb4493bd/v3/tone?version=2017-09-21 HTTP/1.1" 200 94
DEBUG:urllib3.connectionpool:Starting new HTTPS connection (1): translate.google.com:443
DEBUG:urllib3.connectionpool:https://translate.google.com:443 "GET /m?hl=en&sl=auto&q=It+should+work HTTP/1.1" 200 None
DEBUG:urllib3.connectionpool:Starting new HTTPS connection (1): translate.google.com:443
DEBUG:urllib3.connectionpool:https://translate.google.com:443 "GET /m?sl=auto&q=It+should+work&tl=en HTTP/1.1" 200 None
DEBUG:urllib3.connectionpool:Starting new HTTPS connection (1): iam.cloud.ibm.com:443
DEBUG:urllib3.connectionpool:https://iam.cloud.ibm.com:443 "POST /identity/token HTTP/1.1" 200 1102
DEBUG:urllib3.connectionpool:Starting new HTTPS connection (1): api.eu-gb.tone-analyzer.watson.cloud.ibm.com:443
DEBUG:urllib3.connectionpool:https://api.eu-gb.tone-analyzer.watson.cloud.ibm.com:443 "POST /instances/094eb0dc-d562-4a31-b130-1076bb4493bd/v3/tone?version=2017-09-21 HTTP/1.1" 200 30
ERROR:root:Emotion wasn't found for text: It should work.  Original error: list index out of range
DEBUG:urllib3.connectionpool:Starting new HTTPS connection (1): translate.google.com:443
DEBUG:urllib3.connectionpool:https://translate.google.com:443 "GET /m?hl=en&sl=auto&q=I+love+my+dog HTTP/1.1" 200 None
DEBUG:urllib3.connectionpool:Starting new HTTPS connection (1): translate.google.com:443
DEBUG:urllib3.connectionpool:https://translate.google.com:443 "GET /m?sl=auto&q=I+love+my+dog&tl=en HTTP/1.1" 200 None
DEBUG:urllib3.connectionpool:Starting new HTTPS connection (1): iam.cloud.ibm.com:443
DEBUG:urllib3.connectionpool:https://iam.cloud.ibm.com:443 "POST /identity/token HTTP/1.1" 200 1101
DEBUG:urllib3.connectionpool:Starting new HTTPS connection (1): api.eu-gb.tone-analyzer.watson.cloud.ibm.com:443
DEBUG:urllib3.connectionpool:https://api.eu-gb.tone-analyzer.watson.cloud.ibm.com:443 "POST /instances/094eb0dc-d562-4a31-b130-1076bb4493bd/v3/tone?version=2017-09-21 HTTP/1.1" 200 81
DEBUG:urllib3.connectionpool:Starting new HTTPS connection (1): translate.google.com:443
DEBUG:urllib3.connectionpool:https://translate.google.com:443 "GET /m?hl=en&sl=auto&q=My+dog+is+good HTTP/1.1" 200 None
DEBUG:urllib3.connectionpool:Starting new HTTPS connection (1): translate.google.com:443
DEBUG:urllib3.connectionpool:https://translate.google.com:443 "GET /m?sl=auto&q=My+dog+is+good&tl=en HTTP/1.1" 200 None
DEBUG:urllib3.connectionpool:Starting new HTTPS connection (1): iam.cloud.ibm.com:443
DEBUG:urllib3.connectionpool:https://iam.cloud.ibm.com:443 "POST /identity/token HTTP/1.1" 200 1099
DEBUG:urllib3.connectionpool:Starting new HTTPS connection (1): api.eu-gb.tone-analyzer.watson.cloud.ibm.com:443
DEBUG:urllib3.connectionpool:https://api.eu-gb.tone-analyzer.watson.cloud.ibm.com:443 "POST /instances/094eb0dc-d562-4a31-b130-1076bb4493bd/v3/tone?version=2017-09-21 HTTP/1.1" 200 82
DEBUG:urllib3.connectionpool:Starting new HTTPS connection (1): translate.google.com:443
DEBUG:urllib3.connectionpool:https://translate.google.com:443 "GET /m?hl=en&sl=auto&q=I+hope+it+works HTTP/1.1" 200 None
DEBUG:urllib3.connectionpool:Starting new HTTPS connection (1): translate.google.com:443
DEBUG:urllib3.connectionpool:https://translate.google.com:443 "GET /m?sl=auto&q=I+hope+it+works&tl=en HTTP/1.1" 200 None
DEBUG:urllib3.connectionpool:Starting new HTTPS connection (1): iam.cloud.ibm.com:443
DEBUG:urllib3.connectionpool:https://iam.cloud.ibm.com:443 "POST /identity/token HTTP/1.1" 200 1100
DEBUG:urllib3.connectionpool:Starting new HTTPS connection (1): api.eu-gb.tone-analyzer.watson.cloud.ibm.com:443
DEBUG:urllib3.connectionpool:https://api.eu-gb.tone-analyzer.watson.cloud.ibm.com:443 "POST /instances/094eb0dc-d562-4a31-b130-1076bb4493bd/v3/tone?version=2017-09-21 HTTP/1.1" 200 94
DEBUG:urllib3.connectionpool:Starting new HTTPS connection (1): translate.google.com:443
DEBUG:urllib3.connectionpool:https://translate.google.com:443 "GET /m?hl=en&sl=auto&q=It+should+work HTTP/1.1" 200 None
DEBUG:urllib3.connectionpool:Starting new HTTPS connection (1): translate.google.com:443
DEBUG:urllib3.connectionpool:https://translate.google.com:443 "GET /m?sl=auto&q=It+should+work&tl=en HTTP/1.1" 200 None
DEBUG:urllib3.connectionpool:Starting new HTTPS connection (1): iam.cloud.ibm.com:443
DEBUG:urllib3.connectionpool:https://iam.cloud.ibm.com:443 "POST /identity/token HTTP/1.1" 200 1098
DEBUG:urllib3.connectionpool:Starting new HTTPS connection (1): api.eu-gb.tone-analyzer.watson.cloud.ibm.com:443
DEBUG:urllib3.connectionpool:https://api.eu-gb.tone-analyzer.watson.cloud.ibm.com:443 "POST /instances/094eb0dc-d562-4a31-b130-1076bb4493bd/v3/tone?version=2017-09-21 HTTP/1.1" 200 30
ERROR:root:Emotion wasn't found for text: It should work.  Original error: list index out of range
DEBUG:urllib3.connectionpool:Starting new HTTPS connection (1): translate.google.com:443
DEBUG:urllib3.connectionpool:https://translate.google.com:443 "GET /m?hl=en&sl=auto&q=I+love+my+dog HTTP/1.1" 200 None
DEBUG:urllib3.connectionpool:Starting new HTTPS connection (1): translate.google.com:443
DEBUG:urllib3.connectionpool:https://translate.google.com:443 "GET /m?sl=auto&q=I+love+my+dog&tl=en HTTP/1.1" 200 None
DEBUG:urllib3.connectionpool:Starting new HTTPS connection (1): iam.cloud.ibm.com:443
DEBUG:urllib3.connectionpool:https://iam.cloud.ibm.com:443 "POST /identity/token HTTP/1.1" 200 1100
DEBUG:urllib3.connectionpool:Starting new HTTPS connection (1): api.eu-gb.tone-analyzer.watson.cloud.ibm.com:443
DEBUG:urllib3.connectionpool:https://api.eu-gb.tone-analyzer.watson.cloud.ibm.com:443 "POST /instances/094eb0dc-d562-4a31-b130-1076bb4493bd/v3/tone?version=2017-09-21 HTTP/1.1" 200 81
DEBUG:urllib3.connectionpool:Starting new HTTPS connection (1): translate.google.com:443
DEBUG:urllib3.connectionpool:https://translate.google.com:443 "GET /m?hl=en&sl=auto&q=My+dog+is+good HTTP/1.1" 200 None
DEBUG:urllib3.connectionpool:Starting new HTTPS connection (1): translate.google.com:443
DEBUG:urllib3.connectionpool:https://translate.google.com:443 "GET /m?sl=auto&q=My+dog+is+good&tl=en HTTP/1.1" 200 None
DEBUG:urllib3.connectionpool:Starting new HTTPS connection (1): iam.cloud.ibm.com:443
DEBUG:urllib3.connectionpool:https://iam.cloud.ibm.com:443 "POST /identity/token HTTP/1.1" 200 1101
DEBUG:urllib3.connectionpool:Starting new HTTPS connection (1): api.eu-gb.tone-analyzer.watson.cloud.ibm.com:443
DEBUG:urllib3.connectionpool:https://api.eu-gb.tone-analyzer.watson.cloud.ibm.com:443 "POST /instances/094eb0dc-d562-4a31-b130-1076bb4493bd/v3/tone?version=2017-09-21 HTTP/1.1" 200 82
DEBUG:urllib3.connectionpool:Starting new HTTPS connection (1): translate.google.com:443
DEBUG:urllib3.connectionpool:https://translate.google.com:443 "GET /m?hl=en&sl=auto&q=I+hope+it+works HTTP/1.1" 200 None
DEBUG:urllib3.connectionpool:Starting new HTTPS connection (1): translate.google.com:443
DEBUG:urllib3.connectionpool:https://translate.google.com:443 "GET /m?sl=auto&q=I+hope+it+works&tl=en HTTP/1.1" 200 None
DEBUG:urllib3.connectionpool:Starting new HTTPS connection (1): iam.cloud.ibm.com:443
DEBUG:urllib3.connectionpool:https://iam.cloud.ibm.com:443 "POST /identity/token HTTP/1.1" 200 1102
DEBUG:urllib3.connectionpool:Starting new HTTPS connection (1): api.eu-gb.tone-analyzer.watson.cloud.ibm.com:443
DEBUG:urllib3.connectionpool:https://api.eu-gb.tone-analyzer.watson.cloud.ibm.com:443 "POST /instances/094eb0dc-d562-4a31-b130-1076bb4493bd/v3/tone?version=2017-09-21 HTTP/1.1" 200 94
DEBUG:urllib3.connectionpool:Starting new HTTPS connection (1): translate.google.com:443
DEBUG:urllib3.connectionpool:https://translate.google.com:443 "GET /m?hl=en&sl=auto&q=It+should+work HTTP/1.1" 200 None
DEBUG:urllib3.connectionpool:Starting new HTTPS connection (1): translate.google.com:443
DEBUG:urllib3.connectionpool:https://translate.google.com:443 "GET /m?sl=auto&q=It+should+work&tl=en HTTP/1.1" 200 None
DEBUG:urllib3.connectionpool:Starting new HTTPS connection (1): iam.cloud.ibm.com:443
DEBUG:urllib3.connectionpool:https://iam.cloud.ibm.com:443 "POST /identity/token HTTP/1.1" 200 1102
DEBUG:urllib3.connectionpool:Starting new HTTPS connection (1): api.eu-gb.tone-analyzer.watson.cloud.ibm.com:443
DEBUG:urllib3.connectionpool:https://api.eu-gb.tone-analyzer.watson.cloud.ibm.com:443 "POST /instances/094eb0dc-d562-4a31-b130-1076bb4493bd/v3/tone?version=2017-09-21 HTTP/1.1" 200 30
ERROR:root:Emotion wasn't found for text: It should work.  Original error: list index out of range
DEBUG:urllib3.connectionpool:Starting new HTTPS connection (1): translate.google.com:443
DEBUG:urllib3.connectionpool:https://translate.google.com:443 "GET /m?hl=en&sl=auto&q=I+love+my+dog HTTP/1.1" 200 None
DEBUG:urllib3.connectionpool:Starting new HTTPS connection (1): translate.google.com:443
DEBUG:urllib3.connectionpool:https://translate.google.com:443 "GET /m?sl=auto&q=I+love+my+dog&tl=en HTTP/1.1" 200 None
DEBUG:urllib3.connectionpool:Starting new HTTPS connection (1): iam.cloud.ibm.com:443
DEBUG:urllib3.connectionpool:https://iam.cloud.ibm.com:443 "POST /identity/token HTTP/1.1" 200 1098
DEBUG:urllib3.connectionpool:Starting new HTTPS connection (1): api.eu-gb.tone-analyzer.watson.cloud.ibm.com:443
DEBUG:urllib3.connectionpool:https://api.eu-gb.tone-analyzer.watson.cloud.ibm.com:443 "POST /instances/094eb0dc-d562-4a31-b130-1076bb4493bd/v3/tone?version=2017-09-21 HTTP/1.1" 200 81
DEBUG:urllib3.connectionpool:Starting new HTTPS connection (1): translate.google.com:443
DEBUG:urllib3.connectionpool:https://translate.google.com:443 "GET /m?hl=en&sl=auto&q=My+dog+is+good HTTP/1.1" 200 None
DEBUG:urllib3.connectionpool:Starting new HTTPS connection (1): translate.google.com:443
DEBUG:urllib3.connectionpool:https://translate.google.com:443 "GET /m?sl=auto&q=My+dog+is+good&tl=en HTTP/1.1" 200 None
DEBUG:urllib3.connectionpool:Starting new HTTPS connection (1): iam.cloud.ibm.com:443
DEBUG:urllib3.connectionpool:https://iam.cloud.ibm.com:443 "POST /identity/token HTTP/1.1" 200 1103
DEBUG:urllib3.connectionpool:Starting new HTTPS connection (1): api.eu-gb.tone-analyzer.watson.cloud.ibm.com:443
DEBUG:urllib3.connectionpool:https://api.eu-gb.tone-analyzer.watson.cloud.ibm.com:443 "POST /instances/094eb0dc-d562-4a31-b130-1076bb4493bd/v3/tone?version=2017-09-21 HTTP/1.1" 200 82
DEBUG:urllib3.connectionpool:Starting new HTTPS connection (1): translate.google.com:443
DEBUG:urllib3.connectionpool:https://translate.google.com:443 "GET /m?hl=en&sl=auto&q=I+hope+it+works HTTP/1.1" 200 None
DEBUG:urllib3.connectionpool:Starting new HTTPS connection (1): translate.google.com:443
DEBUG:urllib3.connectionpool:https://translate.google.com:443 "GET /m?sl=auto&q=I+hope+it+works&tl=en HTTP/1.1" 200 None
DEBUG:urllib3.connectionpool:Starting new HTTPS connection (1): iam.cloud.ibm.com:443
DEBUG:urllib3.connectionpool:https://iam.cloud.ibm.com:443 "POST /identity/token HTTP/1.1" 200 1105
DEBUG:urllib3.connectionpool:Starting new HTTPS connection (1): api.eu-gb.tone-analyzer.watson.cloud.ibm.com:443
DEBUG:urllib3.connectionpool:https://api.eu-gb.tone-analyzer.watson.cloud.ibm.com:443 "POST /instances/094eb0dc-d562-4a31-b130-1076bb4493bd/v3/tone?version=2017-09-21 HTTP/1.1" 200 94
DEBUG:urllib3.connectionpool:Starting new HTTPS connection (1): translate.google.com:443
DEBUG:urllib3.connectionpool:https://translate.google.com:443 "GET /m?hl=en&sl=auto&q=It+should+work HTTP/1.1" 200 None
DEBUG:urllib3.connectionpool:Starting new HTTPS connection (1): translate.google.com:443
DEBUG:urllib3.connectionpool:https://translate.google.com:443 "GET /m?sl=auto&q=It+should+work&tl=en HTTP/1.1" 200 None
DEBUG:urllib3.connectionpool:Starting new HTTPS connection (1): iam.cloud.ibm.com:443
DEBUG:urllib3.connectionpool:https://iam.cloud.ibm.com:443 "POST /identity/token HTTP/1.1" 200 1099
DEBUG:urllib3.connectionpool:Starting new HTTPS connection (1): api.eu-gb.tone-analyzer.watson.cloud.ibm.com:443
DEBUG:urllib3.connectionpool:https://api.eu-gb.tone-analyzer.watson.cloud.ibm.com:443 "POST /instances/094eb0dc-d562-4a31-b130-1076bb4493bd/v3/tone?version=2017-09-21 HTTP/1.1" 200 30
ERROR:root:Emotion wasn't found for text: It should work.  Original error: list index out of range
DEBUG:urllib3.connectionpool:Starting new HTTPS connection (1): translate.google.com:443
DEBUG:urllib3.connectionpool:https://translate.google.com:443 "GET /m?hl=en&sl=auto&q=I+love+my+dog HTTP/1.1" 200 None
DEBUG:urllib3.connectionpool:Starting new HTTPS connection (1): translate.google.com:443
DEBUG:urllib3.connectionpool:https://translate.google.com:443 "GET /m?sl=auto&q=I+love+my+dog&tl=en HTTP/1.1" 200 None
DEBUG:urllib3.connectionpool:Starting new HTTPS connection (1): iam.cloud.ibm.com:443
DEBUG:urllib3.connectionpool:https://iam.cloud.ibm.com:443 "POST /identity/token HTTP/1.1" 200 1097
DEBUG:urllib3.connectionpool:Starting new HTTPS connection (1): api.eu-gb.tone-analyzer.watson.cloud.ibm.com:443
DEBUG:urllib3.connectionpool:https://api.eu-gb.tone-analyzer.watson.cloud.ibm.com:443 "POST /instances/094eb0dc-d562-4a31-b130-1076bb4493bd/v3/tone?version=2017-09-21 HTTP/1.1" 200 81
DEBUG:urllib3.connectionpool:Starting new HTTPS connection (1): translate.google.com:443
DEBUG:urllib3.connectionpool:https://translate.google.com:443 "GET /m?hl=en&sl=auto&q=My+dog+is+good HTTP/1.1" 200 None
DEBUG:urllib3.connectionpool:Starting new HTTPS connection (1): translate.google.com:443
DEBUG:urllib3.connectionpool:https://translate.google.com:443 "GET /m?sl=auto&q=My+dog+is+good&tl=en HTTP/1.1" 200 None
DEBUG:urllib3.connectionpool:Starting new HTTPS connection (1): iam.cloud.ibm.com:443
DEBUG:urllib3.connectionpool:https://iam.cloud.ibm.com:443 "POST /identity/token HTTP/1.1" 200 1102
DEBUG:urllib3.connectionpool:Starting new HTTPS connection (1): api.eu-gb.tone-analyzer.watson.cloud.ibm.com:443
DEBUG:urllib3.connectionpool:https://api.eu-gb.tone-analyzer.watson.cloud.ibm.com:443 "POST /instances/094eb0dc-d562-4a31-b130-1076bb4493bd/v3/tone?version=2017-09-21 HTTP/1.1" 200 82
DEBUG:urllib3.connectionpool:Starting new HTTPS connection (1): translate.google.com:443
DEBUG:urllib3.connectionpool:https://translate.google.com:443 "GET /m?hl=en&sl=auto&q=I+hope+it+works HTTP/1.1" 200 None
DEBUG:urllib3.connectionpool:Starting new HTTPS connection (1): translate.google.com:443
DEBUG:urllib3.connectionpool:https://translate.google.com:443 "GET /m?sl=auto&q=I+hope+it+works&tl=en HTTP/1.1" 200 None
DEBUG:urllib3.connectionpool:Starting new HTTPS connection (1): iam.cloud.ibm.com:443
DEBUG:urllib3.connectionpool:https://iam.cloud.ibm.com:443 "POST /identity/token HTTP/1.1" 200 1103
DEBUG:urllib3.connectionpool:Starting new HTTPS connection (1): api.eu-gb.tone-analyzer.watson.cloud.ibm.com:443
DEBUG:urllib3.connectionpool:https://api.eu-gb.tone-analyzer.watson.cloud.ibm.com:443 "POST /instances/094eb0dc-d562-4a31-b130-1076bb4493bd/v3/tone?version=2017-09-21 HTTP/1.1" 200 94
DEBUG:urllib3.connectionpool:Starting new HTTPS connection (1): translate.google.com:443
DEBUG:urllib3.connectionpool:https://translate.google.com:443 "GET /m?hl=en&sl=auto&q=It+should+work HTTP/1.1" 200 None
DEBUG:urllib3.connectionpool:Starting new HTTPS connection (1): translate.google.com:443
DEBUG:urllib3.connectionpool:https://translate.google.com:443 "GET /m?sl=auto&q=It+should+work&tl=en HTTP/1.1" 200 None
DEBUG:urllib3.connectionpool:Starting new HTTPS connection (1): iam.cloud.ibm.com:443
DEBUG:urllib3.connectionpool:https://iam.cloud.ibm.com:443 "POST /identity/token HTTP/1.1" 200 1103
DEBUG:urllib3.connectionpool:Starting new HTTPS connection (1): api.eu-gb.tone-analyzer.watson.cloud.ibm.com:443
DEBUG:urllib3.connectionpool:https://api.eu-gb.tone-analyzer.watson.cloud.ibm.com:443 "POST /instances/094eb0dc-d562-4a31-b130-1076bb4493bd/v3/tone?version=2017-09-21 HTTP/1.1" 200 30
ERROR:root:Emotion wasn't found for text: It should work.  Original error: list index out of range
DEBUG:urllib3.connectionpool:Starting new HTTPS connection (1): translate.google.com:443
DEBUG:urllib3.connectionpool:https://translate.google.com:443 "GET /m?hl=en&sl=auto&q=I+love+my+dog HTTP/1.1" 200 None
DEBUG:urllib3.connectionpool:Starting new HTTPS connection (1): translate.google.com:443
DEBUG:urllib3.connectionpool:https://translate.google.com:443 "GET /m?sl=auto&q=I+love+my+dog&tl=en HTTP/1.1" 200 None
DEBUG:urllib3.connectionpool:Starting new HTTPS connection (1): iam.cloud.ibm.com:443
DEBUG:urllib3.connectionpool:https://iam.cloud.ibm.com:443 "POST /identity/token HTTP/1.1" 200 1100
DEBUG:urllib3.connectionpool:Starting new HTTPS connection (1): api.eu-gb.tone-analyzer.watson.cloud.ibm.com:443
DEBUG:urllib3.connectionpool:https://api.eu-gb.tone-analyzer.watson.cloud.ibm.com:443 "POST /instances/094eb0dc-d562-4a31-b130-1076bb4493bd/v3/tone?version=2017-09-21 HTTP/1.1" 200 81
DEBUG:urllib3.connectionpool:Starting new HTTPS connection (1): translate.google.com:443
DEBUG:urllib3.connectionpool:https://translate.google.com:443 "GET /m?hl=en&sl=auto&q=My+dog+is+good HTTP/1.1" 200 None
DEBUG:urllib3.connectionpool:Starting new HTTPS connection (1): translate.google.com:443
DEBUG:urllib3.connectionpool:https://translate.google.com:443 "GET /m?sl=auto&q=My+dog+is+good&tl=en HTTP/1.1" 200 None
DEBUG:urllib3.connectionpool:Starting new HTTPS connection (1): iam.cloud.ibm.com:443
DEBUG:urllib3.connectionpool:https://iam.cloud.ibm.com:443 "POST /identity/token HTTP/1.1" 200 1101
DEBUG:urllib3.connectionpool:Starting new HTTPS connection (1): api.eu-gb.tone-analyzer.watson.cloud.ibm.com:443
DEBUG:urllib3.connectionpool:https://api.eu-gb.tone-analyzer.watson.cloud.ibm.com:443 "POST /instances/094eb0dc-d562-4a31-b130-1076bb4493bd/v3/tone?version=2017-09-21 HTTP/1.1" 200 82
DEBUG:urllib3.connectionpool:Starting new HTTPS connection (1): translate.google.com:443
DEBUG:urllib3.connectionpool:https://translate.google.com:443 "GET /m?hl=en&sl=auto&q=I+hope+it+works HTTP/1.1" 200 None
DEBUG:urllib3.connectionpool:Starting new HTTPS connection (1): translate.google.com:443
DEBUG:urllib3.connectionpool:https://translate.google.com:443 "GET /m?sl=auto&q=I+hope+it+works&tl=en HTTP/1.1" 200 None
DEBUG:urllib3.connectionpool:Starting new HTTPS connection (1): iam.cloud.ibm.com:443
DEBUG:urllib3.connectionpool:https://iam.cloud.ibm.com:443 "POST /identity/token HTTP/1.1" 200 1099
DEBUG:urllib3.connectionpool:Starting new HTTPS connection (1): api.eu-gb.tone-analyzer.watson.cloud.ibm.com:443
DEBUG:urllib3.connectionpool:https://api.eu-gb.tone-analyzer.watson.cloud.ibm.com:443 "POST /instances/094eb0dc-d562-4a31-b130-1076bb4493bd/v3/tone?version=2017-09-21 HTTP/1.1" 200 94
DEBUG:urllib3.connectionpool:Starting new HTTPS connection (1): translate.google.com:443
DEBUG:urllib3.connectionpool:https://translate.google.com:443 "GET /m?hl=en&sl=auto&q=It+should+work HTTP/1.1" 200 None
DEBUG:urllib3.connectionpool:Starting new HTTPS connection (1): translate.google.com:443
DEBUG:urllib3.connectionpool:https://translate.google.com:443 "GET /m?sl=auto&q=It+should+work&tl=en HTTP/1.1" 200 None
DEBUG:urllib3.connectionpool:Starting new HTTPS connection (1): iam.cloud.ibm.com:443
DEBUG:urllib3.connectionpool:https://iam.cloud.ibm.com:443 "POST /identity/token HTTP/1.1" 200 1102
DEBUG:urllib3.connectionpool:Starting new HTTPS connection (1): api.eu-gb.tone-analyzer.watson.cloud.ibm.com:443
DEBUG:urllib3.connectionpool:https://api.eu-gb.tone-analyzer.watson.cloud.ibm.com:443 "POST /instances/094eb0dc-d562-4a31-b130-1076bb4493bd/v3/tone?version=2017-09-21 HTTP/1.1" 200 30
ERROR:root:Emotion wasn't found for text: It should work.  Original error: list index out of range
